{"timestamp":"2026-06-25T11:26:08.955013Z","level":"info","event":"::group::Pre Execute","logger":"task","filename":"task_runner.py","lineno":1926}
{"timestamp":"2026-06-25T11:26:12.744218Z","level":"info","event":"DAG bundles loaded: dags-folder","map_index":-1,"run_id":"manual__2026-06-25T11:26:07.216910+00:00","task_id":"run_pipeline","ti_id":"019efe87-b5b3-7f70-80d3-fde02fede9c6","try_number":1,"dag_id":"ML_dag","logger":"airflow.dag_processing.bundles.manager.DagBundlesManager","filename":"manager.py","lineno":209}
{"timestamp":"2026-06-25T11:26:12.747212Z","level":"info","event":"Filling up the DagBag from /opt/airflow/dags/first_dag.py","map_index":-1,"run_id":"manual__2026-06-25T11:26:07.216910+00:00","task_id":"run_pipeline","ti_id":"019efe87-b5b3-7f70-80d3-fde02fede9c6","try_number":1,"dag_id":"ML_dag","logger":"airflow.dag_processing.dagbag.BundleDagBag","filename":"dagbag.py","lineno":469}
{"timestamp":"2026-06-25T11:26:20.252385Z","level":"info","event":"::endgroup::","map_index":-1,"run_id":"manual__2026-06-25T11:26:07.216910+00:00","task_id":"run_pipeline","ti_id":"019efe87-b5b3-7f70-80d3-fde02fede9c6","try_number":1,"dag_id":"ML_dag","logger":"task","filename":"task_runner.py","lineno":1727}
{"timestamp":"2026-06-25T11:26:20.258521Z","level":"error","event":"2026-06-25 11:26:20,255 | INFO | src.logger | Pipeline Started","logger":"task.stderr"}
{"timestamp":"2026-06-25T11:26:20.258426Z","level":"info","event":"Pipeline Started","logger":"src.logger","map_index":-1,"run_id":"manual__2026-06-25T11:26:07.216910+00:00","task_id":"run_pipeline","ti_id":"019efe87-b5b3-7f70-80d3-fde02fede9c6","try_number":1,"dag_id":"ML_dag","filename":"main.py","lineno":12}
{"timestamp":"2026-06-25T11:26:20.274682Z","level":"error","event":"2026-06-25 11:26:20,262 | ERROR | src.logger | حدث خطأ في الـ Pipeline: [Errno 2] No such file or directory: 'bank_data_encoded.csv'","logger":"task.stderr"}
{"timestamp":"2026-06-25T11:26:20.276299Z","level":"error","event":"Traceback (most recent call last):","logger":"task.stderr"}
{"timestamp":"2026-06-25T11:26:20.278032Z","level":"error","event":"  File \"/opt/airflow/dags/src/main.py\", line 16, in main","logger":"task.stderr"}
{"timestamp":"2026-06-25T11:26:20.279649Z","level":"error","event":"    final_df = pd.read_csv(\"bank_data_encoded.csv\")","logger":"task.stderr"}
{"timestamp":"2026-06-25T11:26:20.281402Z","level":"error","event":"  File \"/home/airflow/.local/lib/python3.13/site-packages/pandas/io/parsers/readers.py\", line 1026, in read_csv","logger":"task.stderr"}
{"timestamp":"2026-06-25T11:26:20.282832Z","level":"error","event":"    return _read(filepath_or_buffer, kwds)","logger":"task.stderr"}
{"timestamp":"2026-06-25T11:26:20.284251Z","level":"error","event":"  File \"/home/airflow/.local/lib/python3.13/site-packages/pandas/io/parsers/readers.py\", line 620, in _read","logger":"task.stderr"}
{"timestamp":"2026-06-25T11:26:20.285535Z","level":"error","event":"    parser = TextFileReader(filepath_or_buffer, **kwds)","logger":"task.stderr"}
{"timestamp":"2026-06-25T11:26:20.286968Z","level":"error","event":"  File \"/home/airflow/.local/lib/python3.13/site-packages/pandas/io/parsers/readers.py\", line 1620, in __init__","logger":"task.stderr"}
{"timestamp":"2026-06-25T11:26:20.288242Z","level":"error","event":"    self._engine = self._make_engine(f, self.engine)","logger":"task.stderr"}
{"timestamp":"2026-06-25T11:26:20.289609Z","level":"error","event":"                   ~~~~~~~~~~~~~~~~~^^^^^^^^^^^^^^^^","logger":"task.stderr"}
{"timestamp":"2026-06-25T11:26:20.291093Z","level":"error","event":"  File \"/home/airflow/.local/lib/python3.13/site-packages/pandas/io/parsers/readers.py\", line 1880, in _make_engine","logger":"task.stderr"}
{"timestamp":"2026-06-25T11:26:20.292508Z","level":"error","event":"    self.handles = get_handle(","logger":"task.stderr"}
{"timestamp":"2026-06-25T11:26:20.294165Z","level":"error","event":"                   ~~~~~~~~~~^","logger":"task.stderr"}
{"timestamp":"2026-06-25T11:26:20.295886Z","level":"error","event":"        f,","logger":"task.stderr"}
{"timestamp":"2026-06-25T11:26:20.297455Z","level":"error","event":"        ^^","logger":"task.stderr"}
{"timestamp":"2026-06-25T11:26:20.299143Z","level":"error","event":"    ...<6 lines>...","logger":"task.stderr"}
{"timestamp":"2026-06-25T11:26:20.300684Z","level":"error","event":"        storage_options=self.options.get(\"storage_options\", None),","logger":"task.stderr"}
{"timestamp":"2026-06-25T11:26:20.302127Z","level":"error","event":"        ^^^^^^^^^^^^^^^^^^^^^^^^^^^^^^^^^^^^^^^^^^^^^^^^^^^^^^^^^^","logger":"task.stderr"}
{"timestamp":"2026-06-25T11:26:20.303607Z","level":"error","event":"    )","logger":"task.stderr"}
{"timestamp":"2026-06-25T11:26:20.305107Z","level":"error","event":"    ^","logger":"task.stderr"}
{"timestamp":"2026-06-25T11:26:20.306460Z","level":"error","event":"  File \"/home/airflow/.local/lib/python3.13/site-packages/pandas/io/common.py\", line 873, in get_handle","logger":"task.stderr"}
{"timestamp":"2026-06-25T11:26:20.307778Z","level":"error","event":"    handle = open(","logger":"task.stderr"}
{"timestamp":"2026-06-25T11:26:20.309222Z","level":"error","event":"        handle,","logger":"task.stderr"}
{"timestamp":"2026-06-25T11:26:20.310705Z","level":"error","event":"    ...<3 lines>...","logger":"task.stderr"}
{"timestamp":"2026-06-25T11:26:20.312351Z","level":"error","event":"        newline=\"\",","logger":"task.stderr"}
{"timestamp":"2026-06-25T11:26:20.314764Z","level":"error","event":"    )","logger":"task.stderr"}
{"timestamp":"2026-06-25T11:26:20.316333Z","level":"error","event":"FileNotFoundError: [Errno 2] No such file or directory: 'bank_data_encoded.csv'","logger":"task.stderr"}
{"timestamp":"2026-06-25T11:26:20.274665Z","level":"error","event":"حدث خطأ في الـ Pipeline: [Errno 2] No such file or directory: 'bank_data_encoded.csv'","logger":"src.logger","map_index":-1,"run_id":"manual__2026-06-25T11:26:07.216910+00:00","task_id":"run_pipeline","ti_id":"019efe87-b5b3-7f70-80d3-fde02fede9c6","try_number":1,"dag_id":"ML_dag","filename":"main.py","lineno":44,"error_detail":[{"exc_type":"FileNotFoundError","exc_value":"[Errno 2] No such file or directory: 'bank_data_encoded.csv'","exc_notes":[],"syntax_error":null,"is_cause":false,"frames":[{"filename":"/opt/airflow/dags/src/main.py","lineno":16,"name":"main"},{"filename":"/home/airflow/.local/lib/python3.13/site-packages/pandas/io/parsers/readers.py","lineno":1026,"name":"read_csv"},{"filename":"/home/airflow/.local/lib/python3.13/site-packages/pandas/io/parsers/readers.py","lineno":620,"name":"_read"},{"filename":"/home/airflow/.local/lib/python3.13/site-packages/pandas/io/parsers/readers.py","lineno":1620,"name":"__init__"},{"filename":"/home/airflow/.local/lib/python3.13/site-packages/pandas/io/parsers/readers.py","lineno":1880,"name":"_make_engine"},{"filename":"/home/airflow/.local/lib/python3.13/site-packages/pandas/io/common.py","lineno":873,"name":"get_handle"}],"is_group":false,"exceptions":[]}]}
{"timestamp":"2026-06-25T11:26:20.275687Z","level":"info","event":"Done. Returned value was: None","map_index":-1,"run_id":"manual__2026-06-25T11:26:07.216910+00:00","task_id":"run_pipeline","ti_id":"019efe87-b5b3-7f70-80d3-fde02fede9c6","try_number":1,"dag_id":"ML_dag","logger":"airflow.task.operators.airflow.providers.standard.decorators.python._PythonDecoratedOperator","filename":"python.py","lineno":233}
{"timestamp":"2026-06-25T11:26:20.276026Z","level":"info","event":"::group::Post Execute","map_index":-1,"run_id":"manual__2026-06-25T11:26:07.216910+00:00","task_id":"run_pipeline","ti_id":"019efe87-b5b3-7f70-80d3-fde02fede9c6","try_number":1,"dag_id":"ML_dag","logger":"task","filename":"task_runner.py","lineno":1288}
{"timestamp":"2026-06-25T11:26:20.370394Z","level":"info","event":"::endgroup::","map_index":-1,"run_id":"manual__2026-06-25T11:26:07.216910+00:00","task_id":"run_pipeline","ti_id":"019efe87-b5b3-7f70-80d3-fde02fede9c6","try_number":1,"dag_id":"ML_dag","logger":"task","filename":"task_runner.py","lineno":1896}
