{"timestamp":"2026-06-27T13:24:09.829816Z","level":"info","event":"::group::Pre Execute","logger":"task","filename":"task_runner.py","lineno":1926}
{"timestamp":"2026-06-27T13:24:09.843386Z","level":"info","event":"DAG bundles loaded: dags-folder","run_id":"manual__2026-06-27T13:24:09.395769+00:00","ti_id":"019f0940-7e40-7486-882e-2d59c8d21976","task_id":"run_pipeline","map_index":-1,"dag_id":"ML_dag","try_number":1,"logger":"airflow.dag_processing.bundles.manager.DagBundlesManager","filename":"manager.py","lineno":209}
{"timestamp":"2026-06-27T13:24:09.845213Z","level":"info","event":"Filling up the DagBag from /opt/airflow/dags/first_dag.py","run_id":"manual__2026-06-27T13:24:09.395769+00:00","ti_id":"019f0940-7e40-7486-882e-2d59c8d21976","task_id":"run_pipeline","map_index":-1,"dag_id":"ML_dag","try_number":1,"logger":"airflow.dag_processing.dagbag.BundleDagBag","filename":"dagbag.py","lineno":469}
{"timestamp":"2026-06-27T13:24:11.336490Z","level":"info","event":"::endgroup::","run_id":"manual__2026-06-27T13:24:09.395769+00:00","ti_id":"019f0940-7e40-7486-882e-2d59c8d21976","task_id":"run_pipeline","map_index":-1,"dag_id":"ML_dag","try_number":1,"logger":"task","filename":"task_runner.py","lineno":1727}
{"timestamp":"2026-06-27T13:24:11.339794Z","level":"error","event":"2026-06-27 13:24:11,338 | INFO | src.logger | ============================================================","logger":"task.stderr"}
{"timestamp":"2026-06-27T13:24:11.341136Z","level":"error","event":"2026-06-27 13:24:11,339 | INFO | src.logger | PIPELINE STARTED","logger":"task.stderr"}
{"timestamp":"2026-06-27T13:24:11.339680Z","level":"info","event":"============================================================","logger":"src.logger","run_id":"manual__2026-06-27T13:24:09.395769+00:00","ti_id":"019f0940-7e40-7486-882e-2d59c8d21976","task_id":"run_pipeline","map_index":-1,"dag_id":"ML_dag","try_number":1,"filename":"main.py","lineno":26}
{"timestamp":"2026-06-27T13:24:11.341181Z","level":"info","event":"PIPELINE STARTED","logger":"src.logger","run_id":"manual__2026-06-27T13:24:09.395769+00:00","ti_id":"019f0940-7e40-7486-882e-2d59c8d21976","task_id":"run_pipeline","map_index":-1,"dag_id":"ML_dag","try_number":1,"filename":"main.py","lineno":27}
{"timestamp":"2026-06-27T13:24:11.344612Z","level":"error","event":"2026-06-27 13:24:11,341 | INFO | src.logger | ============================================================","logger":"task.stderr"}
{"timestamp":"2026-06-27T13:24:11.342808Z","level":"info","event":"============================================================","logger":"src.logger","run_id":"manual__2026-06-27T13:24:09.395769+00:00","ti_id":"019f0940-7e40-7486-882e-2d59c8d21976","task_id":"run_pipeline","map_index":-1,"dag_id":"ML_dag","try_number":1,"filename":"main.py","lineno":28}
{"timestamp":"2026-06-27T13:24:11.536179Z","level":"error","event":"2026-06-27 13:24:11,535 | INFO | src.logger | Dataset Shape : (45211, 17)","logger":"task.stderr"}
{"timestamp":"2026-06-27T13:24:11.536128Z","level":"info","event":"Dataset Shape : (45211, 17)","logger":"src.logger","run_id":"manual__2026-06-27T13:24:09.395769+00:00","ti_id":"019f0940-7e40-7486-882e-2d59c8d21976","task_id":"run_pipeline","map_index":-1,"dag_id":"ML_dag","try_number":1,"filename":"main.py","lineno":45}
{"timestamp":"2026-06-27T13:24:11.543007Z","level":"error","event":"2026-06-27 13:24:11,541 | INFO | src.logger |","logger":"task.stderr"}
{"timestamp":"2026-06-27T13:24:11.543947Z","level":"error","event":"Target Distribution","logger":"task.stderr"}
{"timestamp":"2026-06-27T13:24:11.544781Z","level":"error","event":"deposit","logger":"task.stderr"}
{"timestamp":"2026-06-27T13:24:11.545557Z","level":"error","event":"0    39922","logger":"task.stderr"}
{"timestamp":"2026-06-27T13:24:11.546400Z","level":"error","event":"1     5289","logger":"task.stderr"}
{"timestamp":"2026-06-27T13:24:11.547282Z","level":"error","event":"Name: count, dtype: int64","logger":"task.stderr"}
{"timestamp":"2026-06-27T13:24:11.548262Z","level":"error","event":"2026-06-27 13:24:11,543 | INFO | src.logger | ============================================================","logger":"task.stderr"}
{"timestamp":"2026-06-27T13:24:11.549151Z","level":"error","event":"2026-06-27 13:24:11,544 | INFO | src.logger | Starting Feature Engineering","logger":"task.stderr"}
{"timestamp":"2026-06-27T13:24:11.549985Z","level":"error","event":"2026-06-27 13:24:11,544 | INFO | src.logger | ============================================================","logger":"task.stderr"}
{"timestamp":"2026-06-27T13:24:11.542958Z","level":"info","event":"\nTarget Distribution\ndeposit\n0    39922\n1     5289\nName: count, dtype: int64","logger":"src.logger","run_id":"manual__2026-06-27T13:24:09.395769+00:00","ti_id":"019f0940-7e40-7486-882e-2d59c8d21976","task_id":"run_pipeline","map_index":-1,"dag_id":"ML_dag","try_number":1,"filename":"main.py","lineno":62}
{"timestamp":"2026-06-27T13:24:11.543992Z","level":"info","event":"============================================================","logger":"src.logger","run_id":"manual__2026-06-27T13:24:09.395769+00:00","ti_id":"019f0940-7e40-7486-882e-2d59c8d21976","task_id":"run_pipeline","map_index":-1,"dag_id":"ML_dag","try_number":1,"filename":"feature_engineering.py","lineno":53}
{"timestamp":"2026-06-27T13:24:11.544823Z","level":"info","event":"Starting Feature Engineering","logger":"src.logger","run_id":"manual__2026-06-27T13:24:09.395769+00:00","ti_id":"019f0940-7e40-7486-882e-2d59c8d21976","task_id":"run_pipeline","map_index":-1,"dag_id":"ML_dag","try_number":1,"filename":"feature_engineering.py","lineno":54}
{"timestamp":"2026-06-27T13:24:11.545683Z","level":"info","event":"============================================================","logger":"src.logger","run_id":"manual__2026-06-27T13:24:09.395769+00:00","ti_id":"019f0940-7e40-7486-882e-2d59c8d21976","task_id":"run_pipeline","map_index":-1,"dag_id":"ML_dag","try_number":1,"filename":"feature_engineering.py","lineno":55}
{"timestamp":"2026-06-27T13:24:11.567721Z","level":"error","event":"2026-06-27 13:24:11,566 | INFO | src.logger | Feature Engineering Finished | Shape=(45211, 26)","logger":"task.stderr"}
{"timestamp":"2026-06-27T13:24:11.567678Z","level":"info","event":"Feature Engineering Finished | Shape=(45211, 26)","logger":"src.logger","run_id":"manual__2026-06-27T13:24:09.395769+00:00","ti_id":"019f0940-7e40-7486-882e-2d59c8d21976","task_id":"run_pipeline","map_index":-1,"dag_id":"ML_dag","try_number":1,"filename":"feature_engineering.py","lineno":156}
{"timestamp":"2026-06-27T13:24:11.569588Z","level":"info","event":"Transforming training data","logger":"src.logger","run_id":"manual__2026-06-27T13:24:09.395769+00:00","ti_id":"019f0940-7e40-7486-882e-2d59c8d21976","task_id":"run_pipeline","map_index":-1,"dag_id":"ML_dag","try_number":1,"filename":"encoding.py","lineno":159}
{"timestamp":"2026-06-27T13:24:11.570745Z","level":"error","event":"2026-06-27 13:24:11,568 | INFO | src.logger | Transforming training data","logger":"task.stderr"}
{"timestamp":"2026-06-27T13:24:11.576665Z","level":"error","event":"2026-06-27 13:24:11,575 | INFO | src.logger | Fitting preprocessing pipeline","logger":"task.stderr"}
{"timestamp":"2026-06-27T13:24:11.577576Z","level":"error","event":"2026-06-27 13:24:11,576 | INFO | src.logger | Building preprocessing pipeline","logger":"task.stderr"}
{"timestamp":"2026-06-27T13:24:11.576612Z","level":"info","event":"Fitting preprocessing pipeline","logger":"src.logger","run_id":"manual__2026-06-27T13:24:09.395769+00:00","ti_id":"019f0940-7e40-7486-882e-2d59c8d21976","task_id":"run_pipeline","map_index":-1,"dag_id":"ML_dag","try_number":1,"filename":"encoding.py","lineno":104}
{"timestamp":"2026-06-27T13:24:11.577545Z","level":"info","event":"Building preprocessing pipeline","logger":"src.logger","run_id":"manual__2026-06-27T13:24:09.395769+00:00","ti_id":"019f0940-7e40-7486-882e-2d59c8d21976","task_id":"run_pipeline","map_index":-1,"dag_id":"ML_dag","try_number":1,"filename":"encoding.py","lineno":37}
{"timestamp":"2026-06-27T13:24:11.589191Z","level":"error","event":"2026-06-27 13:24:11,587 | INFO | src.logger | Categorical Columns : ['job', 'marital', 'education', 'default_flag', 'housing', 'loan', 'contact', 'month', 'poutcome']","logger":"task.stderr"}
{"timestamp":"2026-06-27T13:24:11.590322Z","level":"error","event":"2026-06-27 13:24:11,589 | INFO | src.logger | Numerical Columns : ['age', 'balance', 'day', 'duration', 'campaign', 'pdays', 'previous', 'balance_log', 'campaign_log', 'previous_log', 'duration_log', 'balance_high', 'duration_high', 'campaign_high', 'pdays_contacted', 'age_group']","logger":"task.stderr"}
{"timestamp":"2026-06-27T13:24:11.589142Z","level":"info","event":"Categorical Columns : ['job', 'marital', 'education', 'default_flag', 'housing', 'loan', 'contact', 'month', 'poutcome']","logger":"src.logger","run_id":"manual__2026-06-27T13:24:09.395769+00:00","ti_id":"019f0940-7e40-7486-882e-2d59c8d21976","task_id":"run_pipeline","map_index":-1,"dag_id":"ML_dag","try_number":1,"filename":"encoding.py","lineno":49}
{"timestamp":"2026-06-27T13:24:11.590297Z","level":"info","event":"Numerical Columns : ['age', 'balance', 'day', 'duration', 'campaign', 'pdays', 'previous', 'balance_log', 'campaign_log', 'previous_log', 'duration_log', 'balance_high', 'duration_high', 'campaign_high', 'pdays_contacted', 'age_group']","logger":"src.logger","run_id":"manual__2026-06-27T13:24:09.395769+00:00","ti_id":"019f0940-7e40-7486-882e-2d59c8d21976","task_id":"run_pipeline","map_index":-1,"dag_id":"ML_dag","try_number":1,"filename":"encoding.py","lineno":53}
{"timestamp":"2026-06-27T13:24:11.727765Z","level":"error","event":"2026-06-27 13:24:11,726 | INFO | src.logger | Preprocessor saved successfully","logger":"task.stderr"}
{"timestamp":"2026-06-27T13:24:11.727710Z","level":"info","event":"Preprocessor saved successfully","logger":"src.logger","run_id":"manual__2026-06-27T13:24:09.395769+00:00","ti_id":"019f0940-7e40-7486-882e-2d59c8d21976","task_id":"run_pipeline","map_index":-1,"dag_id":"ML_dag","try_number":1,"filename":"encoding.py","lineno":122}
{"timestamp":"2026-06-27T13:24:11.820231Z","level":"error","event":"2026-06-27 13:24:11,818 | INFO | src.logger | Processed Shape : (45211, 60)","logger":"task.stderr"}
{"timestamp":"2026-06-27T13:24:11.820195Z","level":"info","event":"Processed Shape : (45211, 60)","logger":"src.logger","run_id":"manual__2026-06-27T13:24:09.395769+00:00","ti_id":"019f0940-7e40-7486-882e-2d59c8d21976","task_id":"run_pipeline","map_index":-1,"dag_id":"ML_dag","try_number":1,"filename":"encoding.py","lineno":185}
{"timestamp":"2026-06-27T13:24:11.847118Z","level":"error","event":"2026-06-27 13:24:11,845 | INFO | src.logger | Train Shape : (36168, 60)","logger":"task.stderr"}
{"timestamp":"2026-06-27T13:24:11.848328Z","level":"error","event":"2026-06-27 13:24:11,847 | INFO | src.logger | Test Shape : (9043, 60)","logger":"task.stderr"}
{"timestamp":"2026-06-27T13:24:11.846955Z","level":"info","event":"Train Shape : (36168, 60)","logger":"src.logger","run_id":"manual__2026-06-27T13:24:09.395769+00:00","ti_id":"019f0940-7e40-7486-882e-2d59c8d21976","task_id":"run_pipeline","map_index":-1,"dag_id":"ML_dag","try_number":1,"filename":"main.py","lineno":87}
{"timestamp":"2026-06-27T13:24:11.848273Z","level":"info","event":"Test Shape : (9043, 60)","logger":"src.logger","run_id":"manual__2026-06-27T13:24:09.395769+00:00","ti_id":"019f0940-7e40-7486-882e-2d59c8d21976","task_id":"run_pipeline","map_index":-1,"dag_id":"ML_dag","try_number":1,"filename":"main.py","lineno":91}
{"timestamp":"2026-06-27T13:24:11.852067Z","level":"error","event":"2026-06-27 13:24:11,849 | INFO | src.logger | scale_pos_weight = 15.097","logger":"task.stderr"}
{"timestamp":"2026-06-27T13:24:11.853155Z","level":"error","event":"2026-06-27 13:24:11,850 | INFO | src.logger | scale_pos_weight = 15.096667454502482","logger":"task.stderr"}
{"timestamp":"2026-06-27T13:24:11.850526Z","level":"info","event":"scale_pos_weight = 15.097","logger":"src.logger","run_id":"manual__2026-06-27T13:24:09.395769+00:00","ti_id":"019f0940-7e40-7486-882e-2d59c8d21976","task_id":"run_pipeline","map_index":-1,"dag_id":"ML_dag","try_number":1,"filename":"model.py","lineno":16}
{"timestamp":"2026-06-27T13:24:11.851719Z","level":"info","event":"scale_pos_weight = 15.096667454502482","logger":"src.logger","run_id":"manual__2026-06-27T13:24:09.395769+00:00","ti_id":"019f0940-7e40-7486-882e-2d59c8d21976","task_id":"run_pipeline","map_index":-1,"dag_id":"ML_dag","try_number":1,"filename":"main.py","lineno":103}
{"timestamp":"2026-06-27T13:24:11.853144Z","level":"info","event":"Building XGBoost model...","logger":"src.logger","run_id":"manual__2026-06-27T13:24:09.395769+00:00","ti_id":"019f0940-7e40-7486-882e-2d59c8d21976","task_id":"run_pipeline","map_index":-1,"dag_id":"ML_dag","try_number":1,"filename":"model.py","lineno":27}
{"timestamp":"2026-06-27T13:24:11.858087Z","level":"error","event":"2026-06-27 13:24:11,852 | INFO | src.logger | Building XGBoost model...","logger":"task.stderr"}
{"timestamp":"2026-06-27T13:24:11.859174Z","level":"error","event":"2026-06-27 13:24:11,853 | INFO | src.logger | Model created successfully.","logger":"task.stderr"}
{"timestamp":"2026-06-27T13:24:11.860032Z","level":"error","event":"2026-06-27 13:24:11,854 | INFO | src.logger | Training model...","logger":"task.stderr"}
{"timestamp":"2026-06-27T13:24:11.854628Z","level":"info","event":"Model created successfully.","logger":"src.logger","run_id":"manual__2026-06-27T13:24:09.395769+00:00","ti_id":"019f0940-7e40-7486-882e-2d59c8d21976","task_id":"run_pipeline","map_index":-1,"dag_id":"ML_dag","try_number":1,"filename":"model.py","lineno":59}
{"timestamp":"2026-06-27T13:24:11.855809Z","level":"info","event":"Training model...","logger":"src.logger","run_id":"manual__2026-06-27T13:24:09.395769+00:00","ti_id":"019f0940-7e40-7486-882e-2d59c8d21976","task_id":"run_pipeline","map_index":-1,"dag_id":"ML_dag","try_number":1,"filename":"train.py","lineno":13}
{"timestamp":"2026-06-27T13:24:14.696509Z","level":"error","event":"2026-06-27 13:24:14,694 | INFO | src.logger | Model training completed.","logger":"task.stderr"}
{"timestamp":"2026-06-27T13:24:14.695275Z","level":"info","event":"Model training completed.","logger":"src.logger","run_id":"manual__2026-06-27T13:24:09.395769+00:00","ti_id":"019f0940-7e40-7486-882e-2d59c8d21976","task_id":"run_pipeline","map_index":-1,"dag_id":"ML_dag","try_number":1,"filename":"train.py","lineno":20}
{"timestamp":"2026-06-27T13:24:14.718951Z","level":"error","event":"2026-06-27 13:24:14,717 | INFO | src.logger | Searching best threshold...","logger":"task.stderr"}
{"timestamp":"2026-06-27T13:24:14.718933Z","level":"info","event":"Searching best threshold...","logger":"src.logger","run_id":"manual__2026-06-27T13:24:09.395769+00:00","ti_id":"019f0940-7e40-7486-882e-2d59c8d21976","task_id":"run_pipeline","map_index":-1,"dag_id":"ML_dag","try_number":1,"filename":"evaluation.py","lineno":20}
{"timestamp":"2026-06-27T13:24:15.068533Z","level":"error","event":"2026-06-27 13:24:15,067 | INFO | src.logger | Best Threshold = 0.80","logger":"task.stderr"}
{"timestamp":"2026-06-27T13:24:15.083685Z","level":"error","event":"2026-06-27 13:24:15,068 | INFO | src.logger | Best F1 Score = 0.6164","logger":"task.stderr"}
{"timestamp":"2026-06-27T13:24:15.068464Z","level":"info","event":"Best Threshold = 0.80","logger":"src.logger","run_id":"manual__2026-06-27T13:24:09.395769+00:00","ti_id":"019f0940-7e40-7486-882e-2d59c8d21976","task_id":"run_pipeline","map_index":-1,"dag_id":"ML_dag","try_number":1,"filename":"evaluation.py","lineno":45}
{"timestamp":"2026-06-27T13:24:15.069289Z","level":"info","event":"Best F1 Score = 0.6164","logger":"src.logger","run_id":"manual__2026-06-27T13:24:09.395769+00:00","ti_id":"019f0940-7e40-7486-882e-2d59c8d21976","task_id":"run_pipeline","map_index":-1,"dag_id":"ML_dag","try_number":1,"filename":"evaluation.py","lineno":49}
{"timestamp":"2026-06-27T13:24:15.098634Z","level":"error","event":"2026-06-27 13:24:15,097 | INFO | src.logger | ============================================================","logger":"task.stderr"}
{"timestamp":"2026-06-27T13:24:15.099690Z","level":"error","event":"2026-06-27 13:24:15,098 | INFO | src.logger | MODEL EVALUATION","logger":"task.stderr"}
{"timestamp":"2026-06-27T13:24:15.098574Z","level":"info","event":"============================================================","logger":"src.logger","run_id":"manual__2026-06-27T13:24:09.395769+00:00","ti_id":"019f0940-7e40-7486-882e-2d59c8d21976","task_id":"run_pipeline","map_index":-1,"dag_id":"ML_dag","try_number":1,"filename":"evaluation.py","lineno":91}
{"timestamp":"2026-06-27T13:24:15.099520Z","level":"info","event":"MODEL EVALUATION","logger":"src.logger","run_id":"manual__2026-06-27T13:24:09.395769+00:00","ti_id":"019f0940-7e40-7486-882e-2d59c8d21976","task_id":"run_pipeline","map_index":-1,"dag_id":"ML_dag","try_number":1,"filename":"evaluation.py","lineno":92}
{"timestamp":"2026-06-27T13:24:15.100372Z","level":"info","event":"============================================================","logger":"src.logger","run_id":"manual__2026-06-27T13:24:09.395769+00:00","ti_id":"019f0940-7e40-7486-882e-2d59c8d21976","task_id":"run_pipeline","map_index":-1,"dag_id":"ML_dag","try_number":1,"filename":"evaluation.py","lineno":93}
{"timestamp":"2026-06-27T13:24:15.104292Z","level":"error","event":"2026-06-27 13:24:15,099 | INFO | src.logger | ============================================================","logger":"task.stderr"}
{"timestamp":"2026-06-27T13:24:15.105417Z","level":"error","event":"2026-06-27 13:24:15,100 | INFO | src.logger | Accuracy  : 0.8994","logger":"task.stderr"}
{"timestamp":"2026-06-27T13:24:15.106550Z","level":"error","event":"2026-06-27 13:24:15,101 | INFO | src.logger | Precision : 0.5563","logger":"task.stderr"}
{"timestamp":"2026-06-27T13:24:15.107734Z","level":"error","event":"2026-06-27 13:24:15,103 | INFO | src.logger | Recall    : 0.6909","logger":"task.stderr"}
{"timestamp":"2026-06-27T13:24:15.101821Z","level":"info","event":"Accuracy  : 0.8994","logger":"src.logger","run_id":"manual__2026-06-27T13:24:09.395769+00:00","ti_id":"019f0940-7e40-7486-882e-2d59c8d21976","task_id":"run_pipeline","map_index":-1,"dag_id":"ML_dag","try_number":1,"filename":"evaluation.py","lineno":95}
{"timestamp":"2026-06-27T13:24:15.102996Z","level":"info","event":"Precision : 0.5563","logger":"src.logger","run_id":"manual__2026-06-27T13:24:09.395769+00:00","ti_id":"019f0940-7e40-7486-882e-2d59c8d21976","task_id":"run_pipeline","map_index":-1,"dag_id":"ML_dag","try_number":1,"filename":"evaluation.py","lineno":96}
{"timestamp":"2026-06-27T13:24:15.103956Z","level":"info","event":"Recall    : 0.6909","logger":"src.logger","run_id":"manual__2026-06-27T13:24:09.395769+00:00","ti_id":"019f0940-7e40-7486-882e-2d59c8d21976","task_id":"run_pipeline","map_index":-1,"dag_id":"ML_dag","try_number":1,"filename":"evaluation.py","lineno":97}
{"timestamp":"2026-06-27T13:24:15.105568Z","level":"info","event":"F1 Score  : 0.6164","logger":"src.logger","run_id":"manual__2026-06-27T13:24:09.395769+00:00","ti_id":"019f0940-7e40-7486-882e-2d59c8d21976","task_id":"run_pipeline","map_index":-1,"dag_id":"ML_dag","try_number":1,"filename":"evaluation.py","lineno":98}
{"timestamp":"2026-06-27T13:24:15.107007Z","level":"info","event":"\nConfusion Matrix","logger":"src.logger","run_id":"manual__2026-06-27T13:24:09.395769+00:00","ti_id":"019f0940-7e40-7486-882e-2d59c8d21976","task_id":"run_pipeline","map_index":-1,"dag_id":"ML_dag","try_number":1,"filename":"evaluation.py","lineno":100}
{"timestamp":"2026-06-27T13:24:15.113742Z","level":"error","event":"2026-06-27 13:24:15,104 | INFO | src.logger | F1 Score  : 0.6164","logger":"task.stderr"}
{"timestamp":"2026-06-27T13:24:15.117668Z","level":"error","event":"2026-06-27 13:24:15,105 | INFO | src.logger |","logger":"task.stderr"}
{"timestamp":"2026-06-27T13:24:15.118817Z","level":"error","event":"Confusion Matrix","logger":"task.stderr"}
{"timestamp":"2026-06-27T13:24:15.119639Z","level":"error","event":"2026-06-27 13:24:15,107 | INFO | src.logger |","logger":"task.stderr"}
{"timestamp":"2026-06-27T13:24:15.120641Z","level":"error","event":"[[7402  583]","logger":"task.stderr"}
{"timestamp":"2026-06-27T13:24:15.121747Z","level":"error","event":" [ 327  731]]","logger":"task.stderr"}
{"timestamp":"2026-06-27T13:24:15.122780Z","level":"error","event":"2026-06-27 13:24:15,108 | INFO | src.logger |","logger":"task.stderr"}
{"timestamp":"2026-06-27T13:24:15.123706Z","level":"error","event":"Classification Report","logger":"task.stderr"}
{"timestamp":"2026-06-27T13:24:15.124539Z","level":"error","event":"2026-06-27 13:24:15,109 | INFO | src.logger |","logger":"task.stderr"}
{"timestamp":"2026-06-27T13:24:15.125401Z","level":"error","event":"              precision    recall  f1-score   support","logger":"task.stderr"}
{"timestamp":"2026-06-27T13:24:15.126192Z","level":"error","event":"","logger":"task.stderr"}
{"timestamp":"2026-06-27T13:24:15.127156Z","level":"error","event":"           0       0.96      0.93      0.94      7985","logger":"task.stderr"}
{"timestamp":"2026-06-27T13:24:15.127932Z","level":"error","event":"           1       0.56      0.69      0.62      1058","logger":"task.stderr"}
{"timestamp":"2026-06-27T13:24:15.128654Z","level":"error","event":"","logger":"task.stderr"}
{"timestamp":"2026-06-27T13:24:15.129398Z","level":"error","event":"    accuracy                           0.90      9043","logger":"task.stderr"}
{"timestamp":"2026-06-27T13:24:15.130096Z","level":"error","event":"   macro avg       0.76      0.81      0.78      9043","logger":"task.stderr"}
{"timestamp":"2026-06-27T13:24:15.130797Z","level":"error","event":"weighted avg       0.91      0.90      0.90      9043","logger":"task.stderr"}
{"timestamp":"2026-06-27T13:24:15.131452Z","level":"error","event":"","logger":"task.stderr"}
{"timestamp":"2026-06-27T13:24:15.132144Z","level":"error","event":"2026-06-27 13:24:15,110 | INFO | src.logger | Saving model to models/xgboost_model.pkl","logger":"task.stderr"}
{"timestamp":"2026-06-27T13:24:15.108705Z","level":"info","event":"\n[[7402  583]\n [ 327  731]]","logger":"src.logger","run_id":"manual__2026-06-27T13:24:09.395769+00:00","ti_id":"019f0940-7e40-7486-882e-2d59c8d21976","task_id":"run_pipeline","map_index":-1,"dag_id":"ML_dag","try_number":1,"filename":"evaluation.py","lineno":101}
{"timestamp":"2026-06-27T13:24:15.109800Z","level":"info","event":"\nClassification Report","logger":"src.logger","run_id":"manual__2026-06-27T13:24:09.395769+00:00","ti_id":"019f0940-7e40-7486-882e-2d59c8d21976","task_id":"run_pipeline","map_index":-1,"dag_id":"ML_dag","try_number":1,"filename":"evaluation.py","lineno":103}
{"timestamp":"2026-06-27T13:24:15.110732Z","level":"info","event":"\n              precision    recall  f1-score   support\n\n           0       0.96      0.93      0.94      7985\n           1       0.56      0.69      0.62      1058\n\n    accuracy                           0.90      9043\n   macro avg       0.76      0.81      0.78      9043\nweighted avg       0.91      0.90      0.90      9043\n","logger":"src.logger","run_id":"manual__2026-06-27T13:24:09.395769+00:00","ti_id":"019f0940-7e40-7486-882e-2d59c8d21976","task_id":"run_pipeline","map_index":-1,"dag_id":"ML_dag","try_number":1,"filename":"evaluation.py","lineno":104}
{"timestamp":"2026-06-27T13:24:15.111601Z","level":"info","event":"Saving model to models/xgboost_model.pkl","logger":"src.logger","run_id":"manual__2026-06-27T13:24:09.395769+00:00","ti_id":"019f0940-7e40-7486-882e-2d59c8d21976","task_id":"run_pipeline","map_index":-1,"dag_id":"ML_dag","try_number":1,"filename":"train.py","lineno":29}
{"timestamp":"2026-06-27T13:24:15.123749Z","level":"info","event":"Model saved successfully.","logger":"src.logger","run_id":"manual__2026-06-27T13:24:09.395769+00:00","ti_id":"019f0940-7e40-7486-882e-2d59c8d21976","task_id":"run_pipeline","map_index":-1,"dag_id":"ML_dag","try_number":1,"filename":"train.py","lineno":36}
{"timestamp":"2026-06-27T13:24:15.124560Z","level":"info","event":"============================================================","logger":"src.logger","run_id":"manual__2026-06-27T13:24:09.395769+00:00","ti_id":"019f0940-7e40-7486-882e-2d59c8d21976","task_id":"run_pipeline","map_index":-1,"dag_id":"ML_dag","try_number":1,"filename":"main.py","lineno":155}
{"timestamp":"2026-06-27T13:24:15.125438Z","level":"info","event":"PIPELINE FINISHED","logger":"src.logger","run_id":"manual__2026-06-27T13:24:09.395769+00:00","ti_id":"019f0940-7e40-7486-882e-2d59c8d21976","task_id":"run_pipeline","map_index":-1,"dag_id":"ML_dag","try_number":1,"filename":"main.py","lineno":156}
{"timestamp":"2026-06-27T13:24:15.126423Z","level":"info","event":"============================================================","logger":"src.logger","run_id":"manual__2026-06-27T13:24:09.395769+00:00","ti_id":"019f0940-7e40-7486-882e-2d59c8d21976","task_id":"run_pipeline","map_index":-1,"dag_id":"ML_dag","try_number":1,"filename":"main.py","lineno":157}
{"timestamp":"2026-06-27T13:24:15.128387Z","level":"info","event":"Done. Returned value was: None","run_id":"manual__2026-06-27T13:24:09.395769+00:00","ti_id":"019f0940-7e40-7486-882e-2d59c8d21976","task_id":"run_pipeline","map_index":-1,"dag_id":"ML_dag","try_number":1,"logger":"airflow.task.operators.airflow.providers.standard.decorators.python._PythonDecoratedOperator","filename":"python.py","lineno":233}
{"timestamp":"2026-06-27T13:24:15.128561Z","level":"info","event":"::group::Post Execute","run_id":"manual__2026-06-27T13:24:09.395769+00:00","ti_id":"019f0940-7e40-7486-882e-2d59c8d21976","task_id":"run_pipeline","map_index":-1,"dag_id":"ML_dag","try_number":1,"logger":"task","filename":"task_runner.py","lineno":1288}
{"timestamp":"2026-06-27T13:24:15.140414Z","level":"error","event":"2026-06-27 13:24:15,122 | INFO | src.logger | Model saved successfully.","logger":"task.stderr"}
{"timestamp":"2026-06-27T13:24:15.141105Z","level":"error","event":"2026-06-27 13:24:15,123 | INFO | src.logger | ============================================================","logger":"task.stderr"}
{"timestamp":"2026-06-27T13:24:15.141729Z","level":"error","event":"2026-06-27 13:24:15,124 | INFO | src.logger | PIPELINE FINISHED","logger":"task.stderr"}
{"timestamp":"2026-06-27T13:24:15.142360Z","level":"error","event":"2026-06-27 13:24:15,125 | INFO | src.logger | ============================================================","logger":"task.stderr"}
{"timestamp":"2026-06-27T13:24:15.159940Z","level":"info","event":"::endgroup::","run_id":"manual__2026-06-27T13:24:09.395769+00:00","ti_id":"019f0940-7e40-7486-882e-2d59c8d21976","task_id":"run_pipeline","map_index":-1,"dag_id":"ML_dag","try_number":1,"logger":"task","filename":"task_runner.py","lineno":1896}
