{"timestamp":"2026-06-27T13:13:30.032163Z","level":"info","event":"::group::Pre Execute","logger":"task","filename":"task_runner.py","lineno":1926}
{"timestamp":"2026-06-27T13:13:30.048202Z","level":"info","event":"DAG bundles loaded: dags-folder","ti_id":"019f0936-b826-7dfb-9672-59aa089b5b8a","run_id":"manual__2026-06-27T13:13:28.858536+00:00","map_index":-1,"task_id":"run_pipeline","try_number":1,"dag_id":"ML_dag","logger":"airflow.dag_processing.bundles.manager.DagBundlesManager","filename":"manager.py","lineno":209}
{"timestamp":"2026-06-27T13:13:30.050212Z","level":"info","event":"Filling up the DagBag from /opt/airflow/dags/first_dag.py","ti_id":"019f0936-b826-7dfb-9672-59aa089b5b8a","run_id":"manual__2026-06-27T13:13:28.858536+00:00","map_index":-1,"task_id":"run_pipeline","try_number":1,"dag_id":"ML_dag","logger":"airflow.dag_processing.dagbag.BundleDagBag","filename":"dagbag.py","lineno":469}
{"timestamp":"2026-06-27T13:13:31.369643Z","level":"info","event":"::endgroup::","ti_id":"019f0936-b826-7dfb-9672-59aa089b5b8a","run_id":"manual__2026-06-27T13:13:28.858536+00:00","map_index":-1,"task_id":"run_pipeline","try_number":1,"dag_id":"ML_dag","logger":"task","filename":"task_runner.py","lineno":1727}
{"timestamp":"2026-06-27T13:13:31.373072Z","level":"error","event":"2026-06-27 13:13:31,371 | INFO | src.logger | ============================================================","logger":"task.stderr"}
{"timestamp":"2026-06-27T13:13:31.373894Z","level":"error","event":"2026-06-27 13:13:31,373 | INFO | src.logger | PIPELINE STARTED","logger":"task.stderr"}
{"timestamp":"2026-06-27T13:13:31.372951Z","level":"info","event":"============================================================","logger":"src.logger","ti_id":"019f0936-b826-7dfb-9672-59aa089b5b8a","run_id":"manual__2026-06-27T13:13:28.858536+00:00","map_index":-1,"task_id":"run_pipeline","try_number":1,"dag_id":"ML_dag","filename":"main.py","lineno":30}
{"timestamp":"2026-06-27T13:13:31.373810Z","level":"info","event":"PIPELINE STARTED","logger":"src.logger","ti_id":"019f0936-b826-7dfb-9672-59aa089b5b8a","run_id":"manual__2026-06-27T13:13:28.858536+00:00","map_index":-1,"task_id":"run_pipeline","try_number":1,"dag_id":"ML_dag","filename":"main.py","lineno":31}
{"timestamp":"2026-06-27T13:13:31.375781Z","level":"error","event":"2026-06-27 13:13:31,373 | INFO | src.logger | ============================================================","logger":"task.stderr"}
{"timestamp":"2026-06-27T13:13:31.374533Z","level":"info","event":"============================================================","logger":"src.logger","ti_id":"019f0936-b826-7dfb-9672-59aa089b5b8a","run_id":"manual__2026-06-27T13:13:28.858536+00:00","map_index":-1,"task_id":"run_pipeline","try_number":1,"dag_id":"ML_dag","filename":"main.py","lineno":32}
{"timestamp":"2026-06-27T13:13:31.566278Z","level":"error","event":"2026-06-27 13:13:31,565 | INFO | src.logger | Starting feature engineering","logger":"task.stderr"}
{"timestamp":"2026-06-27T13:13:31.566219Z","level":"info","event":"Starting feature engineering","logger":"src.logger","ti_id":"019f0936-b826-7dfb-9672-59aa089b5b8a","run_id":"manual__2026-06-27T13:13:28.858536+00:00","map_index":-1,"task_id":"run_pipeline","try_number":1,"dag_id":"ML_dag","filename":"feature_engineering.py","lineno":24}
{"timestamp":"2026-06-27T13:13:31.568997Z","level":"warning","event":"invalid value encountered in log1p","category":"RuntimeWarning","filename":"/home/airflow/.local/lib/python3.13/site-packages/pandas/core/arraylike.py","lineno":399,"ti_id":"019f0936-b826-7dfb-9672-59aa089b5b8a","run_id":"manual__2026-06-27T13:13:28.858536+00:00","map_index":-1,"task_id":"run_pipeline","try_number":1,"dag_id":"ML_dag","logger":"py.warnings"}
{"timestamp":"2026-06-27T13:13:31.570431Z","level":"warning","event":"invalid value encountered in log1p","category":"RuntimeWarning","filename":"/home/airflow/.local/lib/python3.13/site-packages/pandas/core/arraylike.py","lineno":399,"ti_id":"019f0936-b826-7dfb-9672-59aa089b5b8a","run_id":"manual__2026-06-27T13:13:28.858536+00:00","map_index":-1,"task_id":"run_pipeline","try_number":1,"dag_id":"ML_dag","logger":"py.warnings"}
{"timestamp":"2026-06-27T13:13:31.572895Z","level":"warning","event":"invalid value encountered in log1p","category":"RuntimeWarning","filename":"/home/airflow/.local/lib/python3.13/site-packages/pandas/core/arraylike.py","lineno":399,"ti_id":"019f0936-b826-7dfb-9672-59aa089b5b8a","run_id":"manual__2026-06-27T13:13:28.858536+00:00","map_index":-1,"task_id":"run_pipeline","try_number":1,"dag_id":"ML_dag","logger":"py.warnings"}
{"timestamp":"2026-06-27T13:13:31.592744Z","level":"error","event":"2026-06-27 13:13:31,577 | ERROR | src.logger | Cannot convert float NaN to integer","logger":"task.stderr"}
{"timestamp":"2026-06-27T13:13:31.593646Z","level":"error","event":"Traceback (most recent call last):","logger":"task.stderr"}
{"timestamp":"2026-06-27T13:13:31.594449Z","level":"error","event":"  File \"/opt/airflow/dags/src/main.py\", line 48, in main","logger":"task.stderr"}
{"timestamp":"2026-06-27T13:13:31.595253Z","level":"error","event":"    df = create_features(df)","logger":"task.stderr"}
{"timestamp":"2026-06-27T13:13:31.596025Z","level":"error","event":"  File \"/opt/airflow/dags/src/feature_engineering.py\", line 68, in create_features","logger":"task.stderr"}
{"timestamp":"2026-06-27T13:13:31.596804Z","level":"error","event":"    ).astype(int)","logger":"task.stderr"}
{"timestamp":"2026-06-27T13:13:31.597549Z","level":"error","event":"      ~~~~~~^^^^^","logger":"task.stderr"}
{"timestamp":"2026-06-27T13:13:31.598309Z","level":"error","event":"  File \"/home/airflow/.local/lib/python3.13/site-packages/pandas/core/generic.py\", line 6665, in astype","logger":"task.stderr"}
{"timestamp":"2026-06-27T13:13:31.599064Z","level":"error","event":"    new_data = self._mgr.astype(dtype=dtype, copy=copy, errors=errors)","logger":"task.stderr"}
{"timestamp":"2026-06-27T13:13:31.599809Z","level":"error","event":"  File \"/home/airflow/.local/lib/python3.13/site-packages/pandas/core/internals/managers.py\", line 449, in astype","logger":"task.stderr"}
{"timestamp":"2026-06-27T13:13:31.600545Z","level":"error","event":"    return self.apply(","logger":"task.stderr"}
{"timestamp":"2026-06-27T13:13:31.601266Z","level":"error","event":"           ~~~~~~~~~~^","logger":"task.stderr"}
{"timestamp":"2026-06-27T13:13:31.602009Z","level":"error","event":"        \"astype\",","logger":"task.stderr"}
{"timestamp":"2026-06-27T13:13:31.602724Z","level":"error","event":"        ^^^^^^^^^","logger":"task.stderr"}
{"timestamp":"2026-06-27T13:13:31.603462Z","level":"error","event":"    ...<3 lines>...","logger":"task.stderr"}
{"timestamp":"2026-06-27T13:13:31.604187Z","level":"error","event":"        using_cow=using_copy_on_write(),","logger":"task.stderr"}
{"timestamp":"2026-06-27T13:13:31.605155Z","level":"error","event":"        ^^^^^^^^^^^^^^^^^^^^^^^^^^^^^^^^","logger":"task.stderr"}
{"timestamp":"2026-06-27T13:13:31.606160Z","level":"error","event":"    )","logger":"task.stderr"}
{"timestamp":"2026-06-27T13:13:31.607190Z","level":"error","event":"    ^","logger":"task.stderr"}
{"timestamp":"2026-06-27T13:13:31.608113Z","level":"error","event":"  File \"/home/airflow/.local/lib/python3.13/site-packages/pandas/core/internals/managers.py\", line 363, in apply","logger":"task.stderr"}
{"timestamp":"2026-06-27T13:13:31.608906Z","level":"error","event":"    applied = getattr(b, f)(**kwargs)","logger":"task.stderr"}
{"timestamp":"2026-06-27T13:13:31.609577Z","level":"error","event":"  File \"/home/airflow/.local/lib/python3.13/site-packages/pandas/core/internals/blocks.py\", line 784, in astype","logger":"task.stderr"}
{"timestamp":"2026-06-27T13:13:31.610275Z","level":"error","event":"    new_values = astype_array_safe(values, dtype, copy=copy, errors=errors)","logger":"task.stderr"}
{"timestamp":"2026-06-27T13:13:31.610916Z","level":"error","event":"  File \"/home/airflow/.local/lib/python3.13/site-packages/pandas/core/dtypes/astype.py\", line 237, in astype_array_safe","logger":"task.stderr"}
{"timestamp":"2026-06-27T13:13:31.611616Z","level":"error","event":"    new_values = astype_array(values, dtype, copy=copy)","logger":"task.stderr"}
{"timestamp":"2026-06-27T13:13:31.612286Z","level":"error","event":"  File \"/home/airflow/.local/lib/python3.13/site-packages/pandas/core/dtypes/astype.py\", line 179, in astype_array","logger":"task.stderr"}
{"timestamp":"2026-06-27T13:13:31.613050Z","level":"error","event":"    values = values.astype(dtype, copy=copy)","logger":"task.stderr"}
{"timestamp":"2026-06-27T13:13:31.613691Z","level":"error","event":"  File \"/home/airflow/.local/lib/python3.13/site-packages/pandas/core/arrays/categorical.py\", line 577, in astype","logger":"task.stderr"}
{"timestamp":"2026-06-27T13:13:31.614391Z","level":"error","event":"    raise ValueError(\"Cannot convert float NaN to integer\")","logger":"task.stderr"}
{"timestamp":"2026-06-27T13:13:31.615034Z","level":"error","event":"ValueError: Cannot convert float NaN to integer","logger":"task.stderr"}
{"timestamp":"2026-06-27T13:13:31.592719Z","level":"error","event":"Cannot convert float NaN to integer","logger":"src.logger","ti_id":"019f0936-b826-7dfb-9672-59aa089b5b8a","run_id":"manual__2026-06-27T13:13:28.858536+00:00","map_index":-1,"task_id":"run_pipeline","try_number":1,"dag_id":"ML_dag","filename":"main.py","lineno":127,"error_detail":[{"exc_type":"ValueError","exc_value":"Cannot convert float NaN to integer","exc_notes":[],"syntax_error":null,"is_cause":false,"frames":[{"filename":"/opt/airflow/dags/src/main.py","lineno":48,"name":"main"},{"filename":"/opt/airflow/dags/src/feature_engineering.py","lineno":68,"name":"create_features"},{"filename":"/home/airflow/.local/lib/python3.13/site-packages/pandas/core/generic.py","lineno":6665,"name":"astype"},{"filename":"/home/airflow/.local/lib/python3.13/site-packages/pandas/core/internals/managers.py","lineno":449,"name":"astype"},{"filename":"/home/airflow/.local/lib/python3.13/site-packages/pandas/core/internals/managers.py","lineno":363,"name":"apply"},{"filename":"/home/airflow/.local/lib/python3.13/site-packages/pandas/core/internals/blocks.py","lineno":784,"name":"astype"},{"filename":"/home/airflow/.local/lib/python3.13/site-packages/pandas/core/dtypes/astype.py","lineno":237,"name":"astype_array_safe"},{"filename":"/home/airflow/.local/lib/python3.13/site-packages/pandas/core/dtypes/astype.py","lineno":179,"name":"astype_array"},{"filename":"/home/airflow/.local/lib/python3.13/site-packages/pandas/core/arrays/categorical.py","lineno":577,"name":"astype"}],"is_group":false,"exceptions":[]}]}
{"timestamp":"2026-06-27T13:13:31.593188Z","level":"error","event":"Task failed with exception","ti_id":"019f0936-b826-7dfb-9672-59aa089b5b8a","run_id":"manual__2026-06-27T13:13:28.858536+00:00","map_index":-1,"task_id":"run_pipeline","try_number":1,"dag_id":"ML_dag","logger":"task","filename":"task_runner.py","lineno":1381,"error_detail":[{"exc_type":"ValueError","exc_value":"Cannot convert float NaN to integer","exc_notes":[],"syntax_error":null,"is_cause":false,"frames":[{"filename":"/home/airflow/.local/lib/python3.13/site-packages/airflow/sdk/execution_time/task_runner.py","lineno":1287,"name":"run"},{"filename":"/home/airflow/.local/lib/python3.13/site-packages/airflow/sdk/execution_time/task_runner.py","lineno":1745,"name":"_execute_task"},{"filename":"/home/airflow/.local/lib/python3.13/site-packages/airflow/sdk/bases/operator.py","lineno":443,"name":"wrapper"},{"filename":"/home/airflow/.local/lib/python3.13/site-packages/airflow/sdk/bases/decorator.py","lineno":398,"name":"execute"},{"filename":"/home/airflow/.local/lib/python3.13/site-packages/airflow/sdk/bases/operator.py","lineno":443,"name":"wrapper"},{"filename":"/home/airflow/.local/lib/python3.13/site-packages/airflow/providers/standard/operators/python.py","lineno":231,"name":"execute"},{"filename":"/home/airflow/.local/lib/python3.13/site-packages/airflow/providers/standard/operators/python.py","lineno":254,"name":"execute_callable"},{"filename":"/home/airflow/.local/lib/python3.13/site-packages/airflow/sdk/execution_time/callback_runner.py","lineno":97,"name":"run"},{"filename":"/opt/airflow/dags/first_dag.py","lineno":16,"name":"run_pipeline"},{"filename":"/opt/airflow/dags/src/main.py","lineno":48,"name":"main"},{"filename":"/opt/airflow/dags/src/feature_engineering.py","lineno":68,"name":"create_features"},{"filename":"/home/airflow/.local/lib/python3.13/site-packages/pandas/core/generic.py","lineno":6665,"name":"astype"},{"filename":"/home/airflow/.local/lib/python3.13/site-packages/pandas/core/internals/managers.py","lineno":449,"name":"astype"},{"filename":"/home/airflow/.local/lib/python3.13/site-packages/pandas/core/internals/managers.py","lineno":363,"name":"apply"},{"filename":"/home/airflow/.local/lib/python3.13/site-packages/pandas/core/internals/blocks.py","lineno":784,"name":"astype"},{"filename":"/home/airflow/.local/lib/python3.13/site-packages/pandas/core/dtypes/astype.py","lineno":237,"name":"astype_array_safe"},{"filename":"/home/airflow/.local/lib/python3.13/site-packages/pandas/core/dtypes/astype.py","lineno":179,"name":"astype_array"},{"filename":"/home/airflow/.local/lib/python3.13/site-packages/pandas/core/arrays/categorical.py","lineno":577,"name":"astype"}],"is_group":false,"exceptions":[]}]}
{"timestamp":"2026-06-27T13:13:31.593452Z","level":"info","event":"::group::Post Execute","ti_id":"019f0936-b826-7dfb-9672-59aa089b5b8a","run_id":"manual__2026-06-27T13:13:28.858536+00:00","map_index":-1,"task_id":"run_pipeline","try_number":1,"dag_id":"ML_dag","logger":"task","filename":"task_runner.py","lineno":1382}
{"timestamp":"2026-06-27T13:13:31.617039Z","level":"info","event":"::endgroup::","ti_id":"019f0936-b826-7dfb-9672-59aa089b5b8a","run_id":"manual__2026-06-27T13:13:28.858536+00:00","map_index":-1,"task_id":"run_pipeline","try_number":1,"dag_id":"ML_dag","logger":"task","filename":"task_runner.py","lineno":1896}
