{"timestamp":"2026-06-27T13:08:28.738721Z","level":"info","event":"::group::Pre Execute","logger":"task","filename":"task_runner.py","lineno":1926}
{"timestamp":"2026-06-27T13:08:28.755371Z","level":"info","event":"DAG bundles loaded: dags-folder","try_number":1,"dag_id":"ML_dag","task_id":"run_pipeline","map_index":-1,"run_id":"manual__2026-06-27T13:08:27.516209+00:00","ti_id":"019f0932-1f08-78fe-9308-2044a4f76e04","logger":"airflow.dag_processing.bundles.manager.DagBundlesManager","filename":"manager.py","lineno":209}
{"timestamp":"2026-06-27T13:08:28.757359Z","level":"info","event":"Filling up the DagBag from /opt/airflow/dags/first_dag.py","try_number":1,"dag_id":"ML_dag","task_id":"run_pipeline","map_index":-1,"run_id":"manual__2026-06-27T13:08:27.516209+00:00","ti_id":"019f0932-1f08-78fe-9308-2044a4f76e04","logger":"airflow.dag_processing.dagbag.BundleDagBag","filename":"dagbag.py","lineno":469}
{"timestamp":"2026-06-27T13:08:30.060835Z","level":"info","event":"::endgroup::","try_number":1,"dag_id":"ML_dag","task_id":"run_pipeline","map_index":-1,"run_id":"manual__2026-06-27T13:08:27.516209+00:00","ti_id":"019f0932-1f08-78fe-9308-2044a4f76e04","logger":"task","filename":"task_runner.py","lineno":1727}
{"timestamp":"2026-06-27T13:08:30.064168Z","level":"error","event":"2026-06-27 13:08:30,062 | INFO | src.logger | ============================================================","logger":"task.stderr"}
{"timestamp":"2026-06-27T13:08:30.065080Z","level":"error","event":"2026-06-27 13:08:30,064 | INFO | src.logger | PIPELINE STARTED","logger":"task.stderr"}
{"timestamp":"2026-06-27T13:08:30.064053Z","level":"info","event":"============================================================","logger":"src.logger","try_number":1,"dag_id":"ML_dag","task_id":"run_pipeline","map_index":-1,"run_id":"manual__2026-06-27T13:08:27.516209+00:00","ti_id":"019f0932-1f08-78fe-9308-2044a4f76e04","filename":"main.py","lineno":30}
{"timestamp":"2026-06-27T13:08:30.065051Z","level":"info","event":"PIPELINE STARTED","logger":"src.logger","try_number":1,"dag_id":"ML_dag","task_id":"run_pipeline","map_index":-1,"run_id":"manual__2026-06-27T13:08:27.516209+00:00","ti_id":"019f0932-1f08-78fe-9308-2044a4f76e04","filename":"main.py","lineno":31}
{"timestamp":"2026-06-27T13:08:30.067770Z","level":"error","event":"2026-06-27 13:08:30,065 | INFO | src.logger | ============================================================","logger":"task.stderr"}
{"timestamp":"2026-06-27T13:08:30.066113Z","level":"info","event":"============================================================","logger":"src.logger","try_number":1,"dag_id":"ML_dag","task_id":"run_pipeline","map_index":-1,"run_id":"manual__2026-06-27T13:08:27.516209+00:00","ti_id":"019f0932-1f08-78fe-9308-2044a4f76e04","filename":"main.py","lineno":32}
{"timestamp":"2026-06-27T13:08:30.076607Z","level":"error","event":"2026-06-27 13:08:30,068 | ERROR | src.logger | [Errno 2] No such file or directory: 'bank_data_transformed.csv'","logger":"task.stderr"}
{"timestamp":"2026-06-27T13:08:30.077918Z","level":"error","event":"Traceback (most recent call last):","logger":"task.stderr"}
{"timestamp":"2026-06-27T13:08:30.079026Z","level":"error","event":"  File \"/opt/airflow/dags/src/main.py\", line 38, in main","logger":"task.stderr"}
{"timestamp":"2026-06-27T13:08:30.080134Z","level":"error","event":"    df = pd.read_csv(\"bank_data_transformed.csv\")","logger":"task.stderr"}
{"timestamp":"2026-06-27T13:08:30.080992Z","level":"error","event":"  File \"/home/airflow/.local/lib/python3.13/site-packages/pandas/io/parsers/readers.py\", line 1026, in read_csv","logger":"task.stderr"}
{"timestamp":"2026-06-27T13:08:30.081808Z","level":"error","event":"    return _read(filepath_or_buffer, kwds)","logger":"task.stderr"}
{"timestamp":"2026-06-27T13:08:30.082739Z","level":"error","event":"  File \"/home/airflow/.local/lib/python3.13/site-packages/pandas/io/parsers/readers.py\", line 620, in _read","logger":"task.stderr"}
{"timestamp":"2026-06-27T13:08:30.083568Z","level":"error","event":"    parser = TextFileReader(filepath_or_buffer, **kwds)","logger":"task.stderr"}
{"timestamp":"2026-06-27T13:08:30.084446Z","level":"error","event":"  File \"/home/airflow/.local/lib/python3.13/site-packages/pandas/io/parsers/readers.py\", line 1620, in __init__","logger":"task.stderr"}
{"timestamp":"2026-06-27T13:08:30.085267Z","level":"error","event":"    self._engine = self._make_engine(f, self.engine)","logger":"task.stderr"}
{"timestamp":"2026-06-27T13:08:30.085978Z","level":"error","event":"                   ~~~~~~~~~~~~~~~~~^^^^^^^^^^^^^^^^","logger":"task.stderr"}
{"timestamp":"2026-06-27T13:08:30.086833Z","level":"error","event":"  File \"/home/airflow/.local/lib/python3.13/site-packages/pandas/io/parsers/readers.py\", line 1880, in _make_engine","logger":"task.stderr"}
{"timestamp":"2026-06-27T13:08:30.087684Z","level":"error","event":"    self.handles = get_handle(","logger":"task.stderr"}
{"timestamp":"2026-06-27T13:08:30.088428Z","level":"error","event":"                   ~~~~~~~~~~^","logger":"task.stderr"}
{"timestamp":"2026-06-27T13:08:30.089188Z","level":"error","event":"        f,","logger":"task.stderr"}
{"timestamp":"2026-06-27T13:08:30.090011Z","level":"error","event":"        ^^","logger":"task.stderr"}
{"timestamp":"2026-06-27T13:08:30.090829Z","level":"error","event":"    ...<6 lines>...","logger":"task.stderr"}
{"timestamp":"2026-06-27T13:08:30.091588Z","level":"error","event":"        storage_options=self.options.get(\"storage_options\", None),","logger":"task.stderr"}
{"timestamp":"2026-06-27T13:08:30.092270Z","level":"error","event":"        ^^^^^^^^^^^^^^^^^^^^^^^^^^^^^^^^^^^^^^^^^^^^^^^^^^^^^^^^^^","logger":"task.stderr"}
{"timestamp":"2026-06-27T13:08:30.093175Z","level":"error","event":"    )","logger":"task.stderr"}
{"timestamp":"2026-06-27T13:08:30.094142Z","level":"error","event":"    ^","logger":"task.stderr"}
{"timestamp":"2026-06-27T13:08:30.095230Z","level":"error","event":"  File \"/home/airflow/.local/lib/python3.13/site-packages/pandas/io/common.py\", line 873, in get_handle","logger":"task.stderr"}
{"timestamp":"2026-06-27T13:08:30.096305Z","level":"error","event":"    handle = open(","logger":"task.stderr"}
{"timestamp":"2026-06-27T13:08:30.097129Z","level":"error","event":"        handle,","logger":"task.stderr"}
{"timestamp":"2026-06-27T13:08:30.097852Z","level":"error","event":"    ...<3 lines>...","logger":"task.stderr"}
{"timestamp":"2026-06-27T13:08:30.098645Z","level":"error","event":"        newline=\"\",","logger":"task.stderr"}
{"timestamp":"2026-06-27T13:08:30.099378Z","level":"error","event":"    )","logger":"task.stderr"}
{"timestamp":"2026-06-27T13:08:30.100092Z","level":"error","event":"FileNotFoundError: [Errno 2] No such file or directory: 'bank_data_transformed.csv'","logger":"task.stderr"}
{"timestamp":"2026-06-27T13:08:30.076577Z","level":"error","event":"[Errno 2] No such file or directory: 'bank_data_transformed.csv'","logger":"src.logger","try_number":1,"dag_id":"ML_dag","task_id":"run_pipeline","map_index":-1,"run_id":"manual__2026-06-27T13:08:27.516209+00:00","ti_id":"019f0932-1f08-78fe-9308-2044a4f76e04","filename":"main.py","lineno":123,"error_detail":[{"exc_type":"FileNotFoundError","exc_value":"[Errno 2] No such file or directory: 'bank_data_transformed.csv'","exc_notes":[],"syntax_error":null,"is_cause":false,"frames":[{"filename":"/opt/airflow/dags/src/main.py","lineno":38,"name":"main"},{"filename":"/home/airflow/.local/lib/python3.13/site-packages/pandas/io/parsers/readers.py","lineno":1026,"name":"read_csv"},{"filename":"/home/airflow/.local/lib/python3.13/site-packages/pandas/io/parsers/readers.py","lineno":620,"name":"_read"},{"filename":"/home/airflow/.local/lib/python3.13/site-packages/pandas/io/parsers/readers.py","lineno":1620,"name":"__init__"},{"filename":"/home/airflow/.local/lib/python3.13/site-packages/pandas/io/parsers/readers.py","lineno":1880,"name":"_make_engine"},{"filename":"/home/airflow/.local/lib/python3.13/site-packages/pandas/io/common.py","lineno":873,"name":"get_handle"}],"is_group":false,"exceptions":[]}]}
{"timestamp":"2026-06-27T13:08:30.077331Z","level":"error","event":"Task failed with exception","try_number":1,"dag_id":"ML_dag","task_id":"run_pipeline","map_index":-1,"run_id":"manual__2026-06-27T13:08:27.516209+00:00","ti_id":"019f0932-1f08-78fe-9308-2044a4f76e04","logger":"task","filename":"task_runner.py","lineno":1381,"error_detail":[{"exc_type":"FileNotFoundError","exc_value":"[Errno 2] No such file or directory: 'bank_data_transformed.csv'","exc_notes":[],"syntax_error":null,"is_cause":false,"frames":[{"filename":"/home/airflow/.local/lib/python3.13/site-packages/airflow/sdk/execution_time/task_runner.py","lineno":1287,"name":"run"},{"filename":"/home/airflow/.local/lib/python3.13/site-packages/airflow/sdk/execution_time/task_runner.py","lineno":1745,"name":"_execute_task"},{"filename":"/home/airflow/.local/lib/python3.13/site-packages/airflow/sdk/bases/operator.py","lineno":443,"name":"wrapper"},{"filename":"/home/airflow/.local/lib/python3.13/site-packages/airflow/sdk/bases/decorator.py","lineno":398,"name":"execute"},{"filename":"/home/airflow/.local/lib/python3.13/site-packages/airflow/sdk/bases/operator.py","lineno":443,"name":"wrapper"},{"filename":"/home/airflow/.local/lib/python3.13/site-packages/airflow/providers/standard/operators/python.py","lineno":231,"name":"execute"},{"filename":"/home/airflow/.local/lib/python3.13/site-packages/airflow/providers/standard/operators/python.py","lineno":254,"name":"execute_callable"},{"filename":"/home/airflow/.local/lib/python3.13/site-packages/airflow/sdk/execution_time/callback_runner.py","lineno":97,"name":"run"},{"filename":"/opt/airflow/dags/first_dag.py","lineno":16,"name":"run_pipeline"},{"filename":"/opt/airflow/dags/src/main.py","lineno":38,"name":"main"},{"filename":"/home/airflow/.local/lib/python3.13/site-packages/pandas/io/parsers/readers.py","lineno":1026,"name":"read_csv"},{"filename":"/home/airflow/.local/lib/python3.13/site-packages/pandas/io/parsers/readers.py","lineno":620,"name":"_read"},{"filename":"/home/airflow/.local/lib/python3.13/site-packages/pandas/io/parsers/readers.py","lineno":1620,"name":"__init__"},{"filename":"/home/airflow/.local/lib/python3.13/site-packages/pandas/io/parsers/readers.py","lineno":1880,"name":"_make_engine"},{"filename":"/home/airflow/.local/lib/python3.13/site-packages/pandas/io/common.py","lineno":873,"name":"get_handle"}],"is_group":false,"exceptions":[]}]}
{"timestamp":"2026-06-27T13:08:30.077823Z","level":"info","event":"::group::Post Execute","try_number":1,"dag_id":"ML_dag","task_id":"run_pipeline","map_index":-1,"run_id":"manual__2026-06-27T13:08:27.516209+00:00","ti_id":"019f0932-1f08-78fe-9308-2044a4f76e04","logger":"task","filename":"task_runner.py","lineno":1382}
{"timestamp":"2026-06-27T13:08:30.104888Z","level":"info","event":"::endgroup::","try_number":1,"dag_id":"ML_dag","task_id":"run_pipeline","map_index":-1,"run_id":"manual__2026-06-27T13:08:27.516209+00:00","ti_id":"019f0932-1f08-78fe-9308-2044a4f76e04","logger":"task","filename":"task_runner.py","lineno":1896}
