{"timestamp":"2026-06-27T14:14:52.918405Z","level":"info","event":"::group::Pre Execute","logger":"task","filename":"task_runner.py","lineno":1926}
{"timestamp":"2026-06-27T14:14:52.977924Z","level":"info","event":"DAG bundles loaded: dags-folder","run_id":"manual__2026-06-27T14:14:51.194166+00:00","ti_id":"019f096e-e85e-729e-ae30-976b2a6faac3","task_id":"run_pipeline","map_index":-1,"dag_id":"ML_dag","try_number":1,"logger":"airflow.dag_processing.bundles.manager.DagBundlesManager","filename":"manager.py","lineno":209}
{"timestamp":"2026-06-27T14:14:52.983103Z","level":"info","event":"Filling up the DagBag from /opt/airflow/dags/first_dag.py","run_id":"manual__2026-06-27T14:14:51.194166+00:00","ti_id":"019f096e-e85e-729e-ae30-976b2a6faac3","task_id":"run_pipeline","map_index":-1,"dag_id":"ML_dag","try_number":1,"logger":"airflow.dag_processing.dagbag.BundleDagBag","filename":"dagbag.py","lineno":469}
{"timestamp":"2026-06-27T14:14:56.206599Z","level":"info","event":"::endgroup::","run_id":"manual__2026-06-27T14:14:51.194166+00:00","ti_id":"019f096e-e85e-729e-ae30-976b2a6faac3","task_id":"run_pipeline","map_index":-1,"dag_id":"ML_dag","try_number":1,"logger":"task","filename":"task_runner.py","lineno":1727}
{"timestamp":"2026-06-27T14:14:56.212682Z","level":"error","event":"2026-06-27 14:14:56,210 | INFO | src.logger | ============================================================","logger":"task.stderr"}
{"timestamp":"2026-06-27T14:14:56.213947Z","level":"error","event":"2026-06-27 14:14:56,212 | INFO | src.logger | PIPELINE STARTED","logger":"task.stderr"}
{"timestamp":"2026-06-27T14:14:56.212452Z","level":"info","event":"============================================================","logger":"src.logger","run_id":"manual__2026-06-27T14:14:51.194166+00:00","ti_id":"019f096e-e85e-729e-ae30-976b2a6faac3","task_id":"run_pipeline","map_index":-1,"dag_id":"ML_dag","try_number":1,"filename":"main.py","lineno":26}
{"timestamp":"2026-06-27T14:14:56.213840Z","level":"info","event":"PIPELINE STARTED","logger":"src.logger","run_id":"manual__2026-06-27T14:14:51.194166+00:00","ti_id":"019f096e-e85e-729e-ae30-976b2a6faac3","task_id":"run_pipeline","map_index":-1,"dag_id":"ML_dag","try_number":1,"filename":"main.py","lineno":27}
{"timestamp":"2026-06-27T14:14:56.218079Z","level":"error","event":"2026-06-27 14:14:56,213 | INFO | src.logger | ============================================================","logger":"task.stderr"}
{"timestamp":"2026-06-27T14:14:56.215234Z","level":"info","event":"============================================================","logger":"src.logger","run_id":"manual__2026-06-27T14:14:51.194166+00:00","ti_id":"019f096e-e85e-729e-ae30-976b2a6faac3","task_id":"run_pipeline","map_index":-1,"dag_id":"ML_dag","try_number":1,"filename":"main.py","lineno":28}
{"timestamp":"2026-06-27T14:14:56.539269Z","level":"error","event":"2026-06-27 14:14:56,537 | INFO | src.logger | Dataset Shape : (45211, 17)","logger":"task.stderr"}
{"timestamp":"2026-06-27T14:14:56.539242Z","level":"info","event":"Dataset Shape : (45211, 17)","logger":"src.logger","run_id":"manual__2026-06-27T14:14:51.194166+00:00","ti_id":"019f096e-e85e-729e-ae30-976b2a6faac3","task_id":"run_pipeline","map_index":-1,"dag_id":"ML_dag","try_number":1,"filename":"main.py","lineno":45}
{"timestamp":"2026-06-27T14:14:56.551622Z","level":"error","event":"2026-06-27 14:14:56,550 | INFO | src.logger |","logger":"task.stderr"}
{"timestamp":"2026-06-27T14:14:56.552797Z","level":"error","event":"Target Distribution","logger":"task.stderr"}
{"timestamp":"2026-06-27T14:14:56.554278Z","level":"error","event":"deposit","logger":"task.stderr"}
{"timestamp":"2026-06-27T14:14:56.555501Z","level":"error","event":"0    39922","logger":"task.stderr"}
{"timestamp":"2026-06-27T14:14:56.556836Z","level":"error","event":"1     5289","logger":"task.stderr"}
{"timestamp":"2026-06-27T14:14:56.558192Z","level":"error","event":"Name: count, dtype: int64","logger":"task.stderr"}
{"timestamp":"2026-06-27T14:14:56.560064Z","level":"error","event":"2026-06-27 14:14:56,551 | INFO | src.logger | ============================================================","logger":"task.stderr"}
{"timestamp":"2026-06-27T14:14:56.561928Z","level":"error","event":"2026-06-27 14:14:56,553 | INFO | src.logger | Starting Feature Engineering","logger":"task.stderr"}
{"timestamp":"2026-06-27T14:14:56.563630Z","level":"error","event":"2026-06-27 14:14:56,554 | INFO | src.logger | ============================================================","logger":"task.stderr"}
{"timestamp":"2026-06-27T14:14:56.551582Z","level":"info","event":"\nTarget Distribution\ndeposit\n0    39922\n1     5289\nName: count, dtype: int64","logger":"src.logger","run_id":"manual__2026-06-27T14:14:51.194166+00:00","ti_id":"019f096e-e85e-729e-ae30-976b2a6faac3","task_id":"run_pipeline","map_index":-1,"dag_id":"ML_dag","try_number":1,"filename":"main.py","lineno":62}
{"timestamp":"2026-06-27T14:14:56.552988Z","level":"info","event":"============================================================","logger":"src.logger","run_id":"manual__2026-06-27T14:14:51.194166+00:00","ti_id":"019f096e-e85e-729e-ae30-976b2a6faac3","task_id":"run_pipeline","map_index":-1,"dag_id":"ML_dag","try_number":1,"filename":"feature_engineering.py","lineno":53}
{"timestamp":"2026-06-27T14:14:56.554445Z","level":"info","event":"Starting Feature Engineering","logger":"src.logger","run_id":"manual__2026-06-27T14:14:51.194166+00:00","ti_id":"019f096e-e85e-729e-ae30-976b2a6faac3","task_id":"run_pipeline","map_index":-1,"dag_id":"ML_dag","try_number":1,"filename":"feature_engineering.py","lineno":54}
{"timestamp":"2026-06-27T14:14:56.555820Z","level":"info","event":"============================================================","logger":"src.logger","run_id":"manual__2026-06-27T14:14:51.194166+00:00","ti_id":"019f096e-e85e-729e-ae30-976b2a6faac3","task_id":"run_pipeline","map_index":-1,"dag_id":"ML_dag","try_number":1,"filename":"feature_engineering.py","lineno":55}
{"timestamp":"2026-06-27T14:14:56.596398Z","level":"error","event":"2026-06-27 14:14:56,594 | INFO | src.logger | Feature Engineering Finished | Shape=(45211, 26)","logger":"task.stderr"}
{"timestamp":"2026-06-27T14:14:56.596387Z","level":"info","event":"Feature Engineering Finished | Shape=(45211, 26)","logger":"src.logger","run_id":"manual__2026-06-27T14:14:51.194166+00:00","ti_id":"019f096e-e85e-729e-ae30-976b2a6faac3","task_id":"run_pipeline","map_index":-1,"dag_id":"ML_dag","try_number":1,"filename":"feature_engineering.py","lineno":156}
{"timestamp":"2026-06-27T14:14:56.598969Z","level":"error","event":"2026-06-27 14:14:56,597 | INFO | src.logger | Transforming training data","logger":"task.stderr"}
{"timestamp":"2026-06-27T14:14:56.598924Z","level":"info","event":"Transforming training data","logger":"src.logger","run_id":"manual__2026-06-27T14:14:51.194166+00:00","ti_id":"019f096e-e85e-729e-ae30-976b2a6faac3","task_id":"run_pipeline","map_index":-1,"dag_id":"ML_dag","try_number":1,"filename":"encoding.py","lineno":159}
{"timestamp":"2026-06-27T14:14:56.611008Z","level":"error","event":"2026-06-27 14:14:56,609 | INFO | src.logger | Fitting preprocessing pipeline","logger":"task.stderr"}
{"timestamp":"2026-06-27T14:14:56.612164Z","level":"error","event":"2026-06-27 14:14:56,611 | INFO | src.logger | Building preprocessing pipeline","logger":"task.stderr"}
{"timestamp":"2026-06-27T14:14:56.611028Z","level":"info","event":"Fitting preprocessing pipeline","logger":"src.logger","run_id":"manual__2026-06-27T14:14:51.194166+00:00","ti_id":"019f096e-e85e-729e-ae30-976b2a6faac3","task_id":"run_pipeline","map_index":-1,"dag_id":"ML_dag","try_number":1,"filename":"encoding.py","lineno":104}
{"timestamp":"2026-06-27T14:14:56.612121Z","level":"info","event":"Building preprocessing pipeline","logger":"src.logger","run_id":"manual__2026-06-27T14:14:51.194166+00:00","ti_id":"019f096e-e85e-729e-ae30-976b2a6faac3","task_id":"run_pipeline","map_index":-1,"dag_id":"ML_dag","try_number":1,"filename":"encoding.py","lineno":37}
{"timestamp":"2026-06-27T14:14:56.629225Z","level":"error","event":"2026-06-27 14:14:56,627 | INFO | src.logger | Categorical Columns : ['job', 'marital', 'education', 'default_flag', 'housing', 'loan', 'contact', 'month', 'poutcome']","logger":"task.stderr"}
{"timestamp":"2026-06-27T14:14:56.630552Z","level":"error","event":"2026-06-27 14:14:56,629 | INFO | src.logger | Numerical Columns : ['age', 'balance', 'day', 'duration', 'campaign', 'pdays', 'previous', 'balance_log', 'campaign_log', 'previous_log', 'duration_log', 'balance_high', 'duration_high', 'campaign_high', 'pdays_contacted', 'age_group']","logger":"task.stderr"}
{"timestamp":"2026-06-27T14:14:56.629208Z","level":"info","event":"Categorical Columns : ['job', 'marital', 'education', 'default_flag', 'housing', 'loan', 'contact', 'month', 'poutcome']","logger":"src.logger","run_id":"manual__2026-06-27T14:14:51.194166+00:00","ti_id":"019f096e-e85e-729e-ae30-976b2a6faac3","task_id":"run_pipeline","map_index":-1,"dag_id":"ML_dag","try_number":1,"filename":"encoding.py","lineno":49}
{"timestamp":"2026-06-27T14:14:56.630465Z","level":"info","event":"Numerical Columns : ['age', 'balance', 'day', 'duration', 'campaign', 'pdays', 'previous', 'balance_log', 'campaign_log', 'previous_log', 'duration_log', 'balance_high', 'duration_high', 'campaign_high', 'pdays_contacted', 'age_group']","logger":"src.logger","run_id":"manual__2026-06-27T14:14:51.194166+00:00","ti_id":"019f096e-e85e-729e-ae30-976b2a6faac3","task_id":"run_pipeline","map_index":-1,"dag_id":"ML_dag","try_number":1,"filename":"encoding.py","lineno":53}
{"timestamp":"2026-06-27T14:14:57.067503Z","level":"error","event":"2026-06-27 14:14:57,066 | INFO | src.logger | Preprocessor saved successfully","logger":"task.stderr"}
{"timestamp":"2026-06-27T14:14:57.067463Z","level":"info","event":"Preprocessor saved successfully","logger":"src.logger","run_id":"manual__2026-06-27T14:14:51.194166+00:00","ti_id":"019f096e-e85e-729e-ae30-976b2a6faac3","task_id":"run_pipeline","map_index":-1,"dag_id":"ML_dag","try_number":1,"filename":"encoding.py","lineno":122}
{"timestamp":"2026-06-27T14:14:57.181216Z","level":"error","event":"2026-06-27 14:14:57,179 | INFO | src.logger | Processed Shape : (45211, 60)","logger":"task.stderr"}
{"timestamp":"2026-06-27T14:14:57.181141Z","level":"info","event":"Processed Shape : (45211, 60)","logger":"src.logger","run_id":"manual__2026-06-27T14:14:51.194166+00:00","ti_id":"019f096e-e85e-729e-ae30-976b2a6faac3","task_id":"run_pipeline","map_index":-1,"dag_id":"ML_dag","try_number":1,"filename":"encoding.py","lineno":185}
{"timestamp":"2026-06-27T14:14:57.212727Z","level":"error","event":"2026-06-27 14:14:57,211 | INFO | src.logger | Train Shape : (36168, 60)","logger":"task.stderr"}
{"timestamp":"2026-06-27T14:14:57.213952Z","level":"error","event":"2026-06-27 14:14:57,212 | INFO | src.logger | Test Shape : (9043, 60)","logger":"task.stderr"}
{"timestamp":"2026-06-27T14:14:57.212706Z","level":"info","event":"Train Shape : (36168, 60)","logger":"src.logger","run_id":"manual__2026-06-27T14:14:51.194166+00:00","ti_id":"019f096e-e85e-729e-ae30-976b2a6faac3","task_id":"run_pipeline","map_index":-1,"dag_id":"ML_dag","try_number":1,"filename":"main.py","lineno":87}
{"timestamp":"2026-06-27T14:14:57.213877Z","level":"info","event":"Test Shape : (9043, 60)","logger":"src.logger","run_id":"manual__2026-06-27T14:14:51.194166+00:00","ti_id":"019f096e-e85e-729e-ae30-976b2a6faac3","task_id":"run_pipeline","map_index":-1,"dag_id":"ML_dag","try_number":1,"filename":"main.py","lineno":91}
{"timestamp":"2026-06-27T14:14:57.218182Z","level":"error","event":"2026-06-27 14:14:57,214 | INFO | src.logger | scale_pos_weight = 15.097","logger":"task.stderr"}
{"timestamp":"2026-06-27T14:14:57.220236Z","level":"error","event":"2026-06-27 14:14:57,215 | INFO | src.logger | scale_pos_weight = 15.096667454502482","logger":"task.stderr"}
{"timestamp":"2026-06-27T14:14:57.215580Z","level":"info","event":"scale_pos_weight = 15.097","logger":"src.logger","run_id":"manual__2026-06-27T14:14:51.194166+00:00","ti_id":"019f096e-e85e-729e-ae30-976b2a6faac3","task_id":"run_pipeline","map_index":-1,"dag_id":"ML_dag","try_number":1,"filename":"model.py","lineno":16}
{"timestamp":"2026-06-27T14:14:57.216912Z","level":"info","event":"scale_pos_weight = 15.096667454502482","logger":"src.logger","run_id":"manual__2026-06-27T14:14:51.194166+00:00","ti_id":"019f096e-e85e-729e-ae30-976b2a6faac3","task_id":"run_pipeline","map_index":-1,"dag_id":"ML_dag","try_number":1,"filename":"main.py","lineno":103}
{"timestamp":"2026-06-27T14:14:57.218880Z","level":"info","event":"Building XGBoost model...","logger":"src.logger","run_id":"manual__2026-06-27T14:14:51.194166+00:00","ti_id":"019f096e-e85e-729e-ae30-976b2a6faac3","task_id":"run_pipeline","map_index":-1,"dag_id":"ML_dag","try_number":1,"filename":"model.py","lineno":27}
{"timestamp":"2026-06-27T14:14:57.221257Z","level":"info","event":"Model created successfully.","logger":"src.logger","run_id":"manual__2026-06-27T14:14:51.194166+00:00","ti_id":"019f096e-e85e-729e-ae30-976b2a6faac3","task_id":"run_pipeline","map_index":-1,"dag_id":"ML_dag","try_number":1,"filename":"model.py","lineno":59}
{"timestamp":"2026-06-27T14:14:57.227274Z","level":"error","event":"2026-06-27 14:14:57,217 | INFO | src.logger | Building XGBoost model...","logger":"task.stderr"}
{"timestamp":"2026-06-27T14:14:57.228371Z","level":"error","event":"2026-06-27 14:14:57,219 | INFO | src.logger | Model created successfully.","logger":"task.stderr"}
{"timestamp":"2026-06-27T14:14:57.229314Z","level":"error","event":"2026-06-27 14:14:57,221 | INFO | src.logger | Training model...","logger":"task.stderr"}
{"timestamp":"2026-06-27T14:14:57.223100Z","level":"info","event":"Training model...","logger":"src.logger","run_id":"manual__2026-06-27T14:14:51.194166+00:00","ti_id":"019f096e-e85e-729e-ae30-976b2a6faac3","task_id":"run_pipeline","map_index":-1,"dag_id":"ML_dag","try_number":1,"filename":"train.py","lineno":13}
{"timestamp":"2026-06-27T14:15:01.130302Z","level":"error","event":"2026-06-27 14:15:01,129 | INFO | src.logger | Model training completed.","logger":"task.stderr"}
{"timestamp":"2026-06-27T14:15:01.130272Z","level":"info","event":"Model training completed.","logger":"src.logger","run_id":"manual__2026-06-27T14:14:51.194166+00:00","ti_id":"019f096e-e85e-729e-ae30-976b2a6faac3","task_id":"run_pipeline","map_index":-1,"dag_id":"ML_dag","try_number":1,"filename":"train.py","lineno":20}
{"timestamp":"2026-06-27T14:15:01.191917Z","level":"error","event":"2026-06-27 14:15:01,190 | INFO | src.logger | Searching best threshold...","logger":"task.stderr"}
{"timestamp":"2026-06-27T14:15:01.191895Z","level":"info","event":"Searching best threshold...","logger":"src.logger","run_id":"manual__2026-06-27T14:14:51.194166+00:00","ti_id":"019f096e-e85e-729e-ae30-976b2a6faac3","task_id":"run_pipeline","map_index":-1,"dag_id":"ML_dag","try_number":1,"filename":"evaluation.py","lineno":20}
{"timestamp":"2026-06-27T14:15:01.720584Z","level":"error","event":"2026-06-27 14:15:01,718 | INFO | src.logger | Best Threshold = 0.80","logger":"task.stderr"}
{"timestamp":"2026-06-27T14:15:01.722323Z","level":"error","event":"2026-06-27 14:15:01,720 | INFO | src.logger | Best F1 Score = 0.6164","logger":"task.stderr"}
{"timestamp":"2026-06-27T14:15:01.720539Z","level":"info","event":"Best Threshold = 0.80","logger":"src.logger","run_id":"manual__2026-06-27T14:14:51.194166+00:00","ti_id":"019f096e-e85e-729e-ae30-976b2a6faac3","task_id":"run_pipeline","map_index":-1,"dag_id":"ML_dag","try_number":1,"filename":"evaluation.py","lineno":45}
{"timestamp":"2026-06-27T14:15:01.722306Z","level":"info","event":"Best F1 Score = 0.6164","logger":"src.logger","run_id":"manual__2026-06-27T14:14:51.194166+00:00","ti_id":"019f096e-e85e-729e-ae30-976b2a6faac3","task_id":"run_pipeline","map_index":-1,"dag_id":"ML_dag","try_number":1,"filename":"evaluation.py","lineno":49}
{"timestamp":"2026-06-27T14:15:01.764467Z","level":"error","event":"2026-06-27 14:15:01,762 | INFO | src.logger | ============================================================","logger":"task.stderr"}
{"timestamp":"2026-06-27T14:15:01.766132Z","level":"error","event":"2026-06-27 14:15:01,764 | INFO | src.logger | MODEL EVALUATION","logger":"task.stderr"}
{"timestamp":"2026-06-27T14:15:01.764413Z","level":"info","event":"============================================================","logger":"src.logger","run_id":"manual__2026-06-27T14:14:51.194166+00:00","ti_id":"019f096e-e85e-729e-ae30-976b2a6faac3","task_id":"run_pipeline","map_index":-1,"dag_id":"ML_dag","try_number":1,"filename":"evaluation.py","lineno":91}
{"timestamp":"2026-06-27T14:15:01.766011Z","level":"info","event":"MODEL EVALUATION","logger":"src.logger","run_id":"manual__2026-06-27T14:14:51.194166+00:00","ti_id":"019f096e-e85e-729e-ae30-976b2a6faac3","task_id":"run_pipeline","map_index":-1,"dag_id":"ML_dag","try_number":1,"filename":"evaluation.py","lineno":92}
{"timestamp":"2026-06-27T14:15:01.771276Z","level":"error","event":"2026-06-27 14:15:01,766 | INFO | src.logger | ============================================================","logger":"task.stderr"}
{"timestamp":"2026-06-27T14:15:01.772774Z","level":"error","event":"2026-06-27 14:15:01,767 | INFO | src.logger | Accuracy  : 0.8994","logger":"task.stderr"}
{"timestamp":"2026-06-27T14:15:01.774222Z","level":"error","event":"2026-06-27 14:15:01,769 | INFO | src.logger | Precision : 0.5563","logger":"task.stderr"}
{"timestamp":"2026-06-27T14:15:01.767654Z","level":"info","event":"============================================================","logger":"src.logger","run_id":"manual__2026-06-27T14:14:51.194166+00:00","ti_id":"019f096e-e85e-729e-ae30-976b2a6faac3","task_id":"run_pipeline","map_index":-1,"dag_id":"ML_dag","try_number":1,"filename":"evaluation.py","lineno":93}
{"timestamp":"2026-06-27T14:15:01.769637Z","level":"info","event":"Accuracy  : 0.8994","logger":"src.logger","run_id":"manual__2026-06-27T14:14:51.194166+00:00","ti_id":"019f096e-e85e-729e-ae30-976b2a6faac3","task_id":"run_pipeline","map_index":-1,"dag_id":"ML_dag","try_number":1,"filename":"evaluation.py","lineno":95}
{"timestamp":"2026-06-27T14:15:01.771228Z","level":"info","event":"Precision : 0.5563","logger":"src.logger","run_id":"manual__2026-06-27T14:14:51.194166+00:00","ti_id":"019f096e-e85e-729e-ae30-976b2a6faac3","task_id":"run_pipeline","map_index":-1,"dag_id":"ML_dag","try_number":1,"filename":"evaluation.py","lineno":96}
{"timestamp":"2026-06-27T14:15:01.772921Z","level":"info","event":"Recall    : 0.6909","logger":"src.logger","run_id":"manual__2026-06-27T14:14:51.194166+00:00","ti_id":"019f096e-e85e-729e-ae30-976b2a6faac3","task_id":"run_pipeline","map_index":-1,"dag_id":"ML_dag","try_number":1,"filename":"evaluation.py","lineno":97}
{"timestamp":"2026-06-27T14:15:01.774627Z","level":"info","event":"F1 Score  : 0.6164","logger":"src.logger","run_id":"manual__2026-06-27T14:14:51.194166+00:00","ti_id":"019f096e-e85e-729e-ae30-976b2a6faac3","task_id":"run_pipeline","map_index":-1,"dag_id":"ML_dag","try_number":1,"filename":"evaluation.py","lineno":98}
{"timestamp":"2026-06-27T14:15:01.783145Z","level":"error","event":"2026-06-27 14:15:01,771 | INFO | src.logger | Recall    : 0.6909","logger":"task.stderr"}
{"timestamp":"2026-06-27T14:15:01.784778Z","level":"error","event":"2026-06-27 14:15:01,773 | INFO | src.logger | F1 Score  : 0.6164","logger":"task.stderr"}
{"timestamp":"2026-06-27T14:15:01.786226Z","level":"error","event":"2026-06-27 14:15:01,774 | INFO | src.logger |","logger":"task.stderr"}
{"timestamp":"2026-06-27T14:15:01.787816Z","level":"error","event":"Confusion Matrix","logger":"task.stderr"}
{"timestamp":"2026-06-27T14:15:01.789327Z","level":"error","event":"2026-06-27 14:15:01,777 | INFO | src.logger |","logger":"task.stderr"}
{"timestamp":"2026-06-27T14:15:01.790867Z","level":"error","event":"[[7402  583]","logger":"task.stderr"}
{"timestamp":"2026-06-27T14:15:01.796646Z","level":"error","event":" [ 327  731]]","logger":"task.stderr"}
{"timestamp":"2026-06-27T14:15:01.801098Z","level":"error","event":"2026-06-27 14:15:01,778 | INFO | src.logger |","logger":"task.stderr"}
{"timestamp":"2026-06-27T14:15:01.802714Z","level":"error","event":"Classification Report","logger":"task.stderr"}
{"timestamp":"2026-06-27T14:15:01.804275Z","level":"error","event":"2026-06-27 14:15:01,779 | INFO | src.logger |","logger":"task.stderr"}
{"timestamp":"2026-06-27T14:15:01.805682Z","level":"error","event":"              precision    recall  f1-score   support","logger":"task.stderr"}
{"timestamp":"2026-06-27T14:15:01.807119Z","level":"error","event":"","logger":"task.stderr"}
{"timestamp":"2026-06-27T14:15:01.808259Z","level":"error","event":"           0       0.96      0.93      0.94      7985","logger":"task.stderr"}
{"timestamp":"2026-06-27T14:15:01.809433Z","level":"error","event":"           1       0.56      0.69      0.62      1058","logger":"task.stderr"}
{"timestamp":"2026-06-27T14:15:01.810572Z","level":"error","event":"","logger":"task.stderr"}
{"timestamp":"2026-06-27T14:15:01.811791Z","level":"error","event":"    accuracy                           0.90      9043","logger":"task.stderr"}
{"timestamp":"2026-06-27T14:15:01.813340Z","level":"error","event":"   macro avg       0.76      0.81      0.78      9043","logger":"task.stderr"}
{"timestamp":"2026-06-27T14:15:01.814455Z","level":"error","event":"weighted avg       0.91      0.90      0.90      9043","logger":"task.stderr"}
{"timestamp":"2026-06-27T14:15:01.815701Z","level":"error","event":"","logger":"task.stderr"}
{"timestamp":"2026-06-27T14:15:01.776220Z","level":"info","event":"\nConfusion Matrix","logger":"src.logger","run_id":"manual__2026-06-27T14:14:51.194166+00:00","ti_id":"019f096e-e85e-729e-ae30-976b2a6faac3","task_id":"run_pipeline","map_index":-1,"dag_id":"ML_dag","try_number":1,"filename":"evaluation.py","lineno":100}
{"timestamp":"2026-06-27T14:15:01.778432Z","level":"info","event":"\n[[7402  583]\n [ 327  731]]","logger":"src.logger","run_id":"manual__2026-06-27T14:14:51.194166+00:00","ti_id":"019f096e-e85e-729e-ae30-976b2a6faac3","task_id":"run_pipeline","map_index":-1,"dag_id":"ML_dag","try_number":1,"filename":"evaluation.py","lineno":101}
{"timestamp":"2026-06-27T14:15:01.779847Z","level":"info","event":"\nClassification Report","logger":"src.logger","run_id":"manual__2026-06-27T14:14:51.194166+00:00","ti_id":"019f096e-e85e-729e-ae30-976b2a6faac3","task_id":"run_pipeline","map_index":-1,"dag_id":"ML_dag","try_number":1,"filename":"evaluation.py","lineno":103}
{"timestamp":"2026-06-27T14:15:01.781550Z","level":"info","event":"\n              precision    recall  f1-score   support\n\n           0       0.96      0.93      0.94      7985\n           1       0.56      0.69      0.62      1058\n\n    accuracy                           0.90      9043\n   macro avg       0.76      0.81      0.78      9043\nweighted avg       0.91      0.90      0.90      9043\n","logger":"src.logger","run_id":"manual__2026-06-27T14:14:51.194166+00:00","ti_id":"019f096e-e85e-729e-ae30-976b2a6faac3","task_id":"run_pipeline","map_index":-1,"dag_id":"ML_dag","try_number":1,"filename":"evaluation.py","lineno":104}
{"timestamp":"2026-06-27T14:15:01.783370Z","level":"info","event":"Saving model to models/xgboost_model.pkl","logger":"src.logger","run_id":"manual__2026-06-27T14:14:51.194166+00:00","ti_id":"019f096e-e85e-729e-ae30-976b2a6faac3","task_id":"run_pipeline","map_index":-1,"dag_id":"ML_dag","try_number":1,"filename":"train.py","lineno":29}
{"timestamp":"2026-06-27T14:15:01.816712Z","level":"info","event":"Model saved successfully.","logger":"src.logger","run_id":"manual__2026-06-27T14:14:51.194166+00:00","ti_id":"019f096e-e85e-729e-ae30-976b2a6faac3","task_id":"run_pipeline","map_index":-1,"dag_id":"ML_dag","try_number":1,"filename":"train.py","lineno":36}
{"timestamp":"2026-06-27T14:15:01.826502Z","level":"error","event":"2026-06-27 14:15:01,781 | INFO | src.logger | Saving model to models/xgboost_model.pkl","logger":"task.stderr"}
{"timestamp":"2026-06-27T14:15:01.827543Z","level":"error","event":"2026-06-27 14:15:01,815 | INFO | src.logger | Model saved successfully.","logger":"task.stderr"}
{"timestamp":"2026-06-27T14:15:01.828805Z","level":"error","event":"2026-06-27 14:15:01,816 | INFO | src.logger | ============================================================","logger":"task.stderr"}
{"timestamp":"2026-06-27T14:15:01.830063Z","level":"error","event":"2026-06-27 14:15:01,818 | INFO | src.logger | PIPELINE FINISHED","logger":"task.stderr"}
{"timestamp":"2026-06-27T14:15:01.831209Z","level":"error","event":"2026-06-27 14:15:01,820 | INFO | src.logger | ============================================================","logger":"task.stderr"}
{"timestamp":"2026-06-27T14:15:01.818467Z","level":"info","event":"============================================================","logger":"src.logger","run_id":"manual__2026-06-27T14:14:51.194166+00:00","ti_id":"019f096e-e85e-729e-ae30-976b2a6faac3","task_id":"run_pipeline","map_index":-1,"dag_id":"ML_dag","try_number":1,"filename":"main.py","lineno":155}
{"timestamp":"2026-06-27T14:15:01.820496Z","level":"info","event":"PIPELINE FINISHED","logger":"src.logger","run_id":"manual__2026-06-27T14:14:51.194166+00:00","ti_id":"019f096e-e85e-729e-ae30-976b2a6faac3","task_id":"run_pipeline","map_index":-1,"dag_id":"ML_dag","try_number":1,"filename":"main.py","lineno":156}
{"timestamp":"2026-06-27T14:15:01.822659Z","level":"info","event":"============================================================","logger":"src.logger","run_id":"manual__2026-06-27T14:14:51.194166+00:00","ti_id":"019f096e-e85e-729e-ae30-976b2a6faac3","task_id":"run_pipeline","map_index":-1,"dag_id":"ML_dag","try_number":1,"filename":"main.py","lineno":157}
{"timestamp":"2026-06-27T14:15:01.824973Z","level":"info","event":"Done. Returned value was: None","run_id":"manual__2026-06-27T14:14:51.194166+00:00","ti_id":"019f096e-e85e-729e-ae30-976b2a6faac3","task_id":"run_pipeline","map_index":-1,"dag_id":"ML_dag","try_number":1,"logger":"airflow.task.operators.airflow.providers.standard.decorators.python._PythonDecoratedOperator","filename":"python.py","lineno":233}
{"timestamp":"2026-06-27T14:15:01.825254Z","level":"info","event":"::group::Post Execute","run_id":"manual__2026-06-27T14:14:51.194166+00:00","ti_id":"019f096e-e85e-729e-ae30-976b2a6faac3","task_id":"run_pipeline","map_index":-1,"dag_id":"ML_dag","try_number":1,"logger":"task","filename":"task_runner.py","lineno":1288}
{"timestamp":"2026-06-27T14:15:01.880210Z","level":"info","event":"::endgroup::","run_id":"manual__2026-06-27T14:14:51.194166+00:00","ti_id":"019f096e-e85e-729e-ae30-976b2a6faac3","task_id":"run_pipeline","map_index":-1,"dag_id":"ML_dag","try_number":1,"logger":"task","filename":"task_runner.py","lineno":1896}
