{"timestamp":"2026-06-25T11:26:08.958563Z","level":"info","event":"::group::Pre Execute","logger":"task","filename":"task_runner.py","lineno":1926}
{"timestamp":"2026-06-25T11:26:12.743938Z","level":"info","event":"DAG bundles loaded: dags-folder","dag_id":"ML_dag","try_number":1,"ti_id":"019efe87-b83c-7d37-838f-62d9e3275950","run_id":"scheduled__2026-06-25T00:00:00+00:00","map_index":-1,"task_id":"run_pipeline","logger":"airflow.dag_processing.bundles.manager.DagBundlesManager","filename":"manager.py","lineno":209}
{"timestamp":"2026-06-25T11:26:12.747123Z","level":"info","event":"Filling up the DagBag from /opt/airflow/dags/first_dag.py","dag_id":"ML_dag","try_number":1,"ti_id":"019efe87-b83c-7d37-838f-62d9e3275950","run_id":"scheduled__2026-06-25T00:00:00+00:00","map_index":-1,"task_id":"run_pipeline","logger":"airflow.dag_processing.dagbag.BundleDagBag","filename":"dagbag.py","lineno":469}
{"timestamp":"2026-06-25T11:26:20.248948Z","level":"info","event":"::endgroup::","dag_id":"ML_dag","try_number":1,"ti_id":"019efe87-b83c-7d37-838f-62d9e3275950","run_id":"scheduled__2026-06-25T00:00:00+00:00","map_index":-1,"task_id":"run_pipeline","logger":"task","filename":"task_runner.py","lineno":1727}
{"timestamp":"2026-06-25T11:26:20.255818Z","level":"error","event":"2026-06-25 11:26:20,253 | INFO | src.logger | Pipeline Started","logger":"task.stderr"}
{"timestamp":"2026-06-25T11:26:20.255728Z","level":"info","event":"Pipeline Started","logger":"src.logger","dag_id":"ML_dag","try_number":1,"ti_id":"019efe87-b83c-7d37-838f-62d9e3275950","run_id":"scheduled__2026-06-25T00:00:00+00:00","map_index":-1,"task_id":"run_pipeline","filename":"main.py","lineno":12}
{"timestamp":"2026-06-25T11:26:20.273733Z","level":"error","event":"2026-06-25 11:26:20,260 | ERROR | src.logger | حدث خطأ في الـ Pipeline: [Errno 2] No such file or directory: 'bank_data_encoded.csv'","logger":"task.stderr"}
{"timestamp":"2026-06-25T11:26:20.275365Z","level":"error","event":"Traceback (most recent call last):","logger":"task.stderr"}
{"timestamp":"2026-06-25T11:26:20.276741Z","level":"error","event":"  File \"/opt/airflow/dags/src/main.py\", line 16, in main","logger":"task.stderr"}
{"timestamp":"2026-06-25T11:26:20.278596Z","level":"error","event":"    final_df = pd.read_csv(\"bank_data_encoded.csv\")","logger":"task.stderr"}
{"timestamp":"2026-06-25T11:26:20.280173Z","level":"error","event":"  File \"/home/airflow/.local/lib/python3.13/site-packages/pandas/io/parsers/readers.py\", line 1026, in read_csv","logger":"task.stderr"}
{"timestamp":"2026-06-25T11:26:20.281624Z","level":"error","event":"    return _read(filepath_or_buffer, kwds)","logger":"task.stderr"}
{"timestamp":"2026-06-25T11:26:20.282934Z","level":"error","event":"  File \"/home/airflow/.local/lib/python3.13/site-packages/pandas/io/parsers/readers.py\", line 620, in _read","logger":"task.stderr"}
{"timestamp":"2026-06-25T11:26:20.284434Z","level":"error","event":"    parser = TextFileReader(filepath_or_buffer, **kwds)","logger":"task.stderr"}
{"timestamp":"2026-06-25T11:26:20.285533Z","level":"error","event":"  File \"/home/airflow/.local/lib/python3.13/site-packages/pandas/io/parsers/readers.py\", line 1620, in __init__","logger":"task.stderr"}
{"timestamp":"2026-06-25T11:26:20.287002Z","level":"error","event":"    self._engine = self._make_engine(f, self.engine)","logger":"task.stderr"}
{"timestamp":"2026-06-25T11:26:20.288243Z","level":"error","event":"                   ~~~~~~~~~~~~~~~~~^^^^^^^^^^^^^^^^","logger":"task.stderr"}
{"timestamp":"2026-06-25T11:26:20.289615Z","level":"error","event":"  File \"/home/airflow/.local/lib/python3.13/site-packages/pandas/io/parsers/readers.py\", line 1880, in _make_engine","logger":"task.stderr"}
{"timestamp":"2026-06-25T11:26:20.291092Z","level":"error","event":"    self.handles = get_handle(","logger":"task.stderr"}
{"timestamp":"2026-06-25T11:26:20.292506Z","level":"error","event":"                   ~~~~~~~~~~^","logger":"task.stderr"}
{"timestamp":"2026-06-25T11:26:20.294164Z","level":"error","event":"        f,","logger":"task.stderr"}
{"timestamp":"2026-06-25T11:26:20.295882Z","level":"error","event":"        ^^","logger":"task.stderr"}
{"timestamp":"2026-06-25T11:26:20.297455Z","level":"error","event":"    ...<6 lines>...","logger":"task.stderr"}
{"timestamp":"2026-06-25T11:26:20.299113Z","level":"error","event":"        storage_options=self.options.get(\"storage_options\", None),","logger":"task.stderr"}
{"timestamp":"2026-06-25T11:26:20.300686Z","level":"error","event":"        ^^^^^^^^^^^^^^^^^^^^^^^^^^^^^^^^^^^^^^^^^^^^^^^^^^^^^^^^^^","logger":"task.stderr"}
{"timestamp":"2026-06-25T11:26:20.302126Z","level":"error","event":"    )","logger":"task.stderr"}
{"timestamp":"2026-06-25T11:26:20.303609Z","level":"error","event":"    ^","logger":"task.stderr"}
{"timestamp":"2026-06-25T11:26:20.305107Z","level":"error","event":"  File \"/home/airflow/.local/lib/python3.13/site-packages/pandas/io/common.py\", line 873, in get_handle","logger":"task.stderr"}
{"timestamp":"2026-06-25T11:26:20.306460Z","level":"error","event":"    handle = open(","logger":"task.stderr"}
{"timestamp":"2026-06-25T11:26:20.307779Z","level":"error","event":"        handle,","logger":"task.stderr"}
{"timestamp":"2026-06-25T11:26:20.309218Z","level":"error","event":"    ...<3 lines>...","logger":"task.stderr"}
{"timestamp":"2026-06-25T11:26:20.310703Z","level":"error","event":"        newline=\"\",","logger":"task.stderr"}
{"timestamp":"2026-06-25T11:26:20.312351Z","level":"error","event":"    )","logger":"task.stderr"}
{"timestamp":"2026-06-25T11:26:20.313969Z","level":"error","event":"FileNotFoundError: [Errno 2] No such file or directory: 'bank_data_encoded.csv'","logger":"task.stderr"}
{"timestamp":"2026-06-25T11:26:20.273711Z","level":"error","event":"حدث خطأ في الـ Pipeline: [Errno 2] No such file or directory: 'bank_data_encoded.csv'","logger":"src.logger","dag_id":"ML_dag","try_number":1,"ti_id":"019efe87-b83c-7d37-838f-62d9e3275950","run_id":"scheduled__2026-06-25T00:00:00+00:00","map_index":-1,"task_id":"run_pipeline","filename":"main.py","lineno":44,"error_detail":[{"exc_type":"FileNotFoundError","exc_value":"[Errno 2] No such file or directory: 'bank_data_encoded.csv'","exc_notes":[],"syntax_error":null,"is_cause":false,"frames":[{"filename":"/opt/airflow/dags/src/main.py","lineno":16,"name":"main"},{"filename":"/home/airflow/.local/lib/python3.13/site-packages/pandas/io/parsers/readers.py","lineno":1026,"name":"read_csv"},{"filename":"/home/airflow/.local/lib/python3.13/site-packages/pandas/io/parsers/readers.py","lineno":620,"name":"_read"},{"filename":"/home/airflow/.local/lib/python3.13/site-packages/pandas/io/parsers/readers.py","lineno":1620,"name":"__init__"},{"filename":"/home/airflow/.local/lib/python3.13/site-packages/pandas/io/parsers/readers.py","lineno":1880,"name":"_make_engine"},{"filename":"/home/airflow/.local/lib/python3.13/site-packages/pandas/io/common.py","lineno":873,"name":"get_handle"}],"is_group":false,"exceptions":[]}]}
{"timestamp":"2026-06-25T11:26:20.274677Z","level":"info","event":"Done. Returned value was: None","dag_id":"ML_dag","try_number":1,"ti_id":"019efe87-b83c-7d37-838f-62d9e3275950","run_id":"scheduled__2026-06-25T00:00:00+00:00","map_index":-1,"task_id":"run_pipeline","logger":"airflow.task.operators.airflow.providers.standard.decorators.python._PythonDecoratedOperator","filename":"python.py","lineno":233}
{"timestamp":"2026-06-25T11:26:20.275035Z","level":"info","event":"::group::Post Execute","dag_id":"ML_dag","try_number":1,"ti_id":"019efe87-b83c-7d37-838f-62d9e3275950","run_id":"scheduled__2026-06-25T00:00:00+00:00","map_index":-1,"task_id":"run_pipeline","logger":"task","filename":"task_runner.py","lineno":1288}
{"timestamp":"2026-06-25T11:26:20.374678Z","level":"info","event":"::endgroup::","dag_id":"ML_dag","try_number":1,"ti_id":"019efe87-b83c-7d37-838f-62d9e3275950","run_id":"scheduled__2026-06-25T00:00:00+00:00","map_index":-1,"task_id":"run_pipeline","logger":"task","filename":"task_runner.py","lineno":1896}
