{"timestamp":"2026-06-27T13:10:44.885497Z","level":"info","event":"::group::Pre Execute","logger":"task","filename":"task_runner.py","lineno":1926}
{"timestamp":"2026-06-27T13:10:44.905261Z","level":"info","event":"DAG bundles loaded: dags-folder","dag_id":"ML_dag","run_id":"manual__2026-06-27T13:10:44.540231+00:00","try_number":1,"ti_id":"019f0934-3647-775c-b4af-f4d129fce0d5","task_id":"run_pipeline","map_index":-1,"logger":"airflow.dag_processing.bundles.manager.DagBundlesManager","filename":"manager.py","lineno":209}
{"timestamp":"2026-06-27T13:10:44.907221Z","level":"info","event":"Filling up the DagBag from /opt/airflow/dags/first_dag.py","dag_id":"ML_dag","run_id":"manual__2026-06-27T13:10:44.540231+00:00","try_number":1,"ti_id":"019f0934-3647-775c-b4af-f4d129fce0d5","task_id":"run_pipeline","map_index":-1,"logger":"airflow.dag_processing.dagbag.BundleDagBag","filename":"dagbag.py","lineno":469}
{"timestamp":"2026-06-27T13:10:46.333545Z","level":"info","event":"::endgroup::","dag_id":"ML_dag","run_id":"manual__2026-06-27T13:10:44.540231+00:00","try_number":1,"ti_id":"019f0934-3647-775c-b4af-f4d129fce0d5","task_id":"run_pipeline","map_index":-1,"logger":"task","filename":"task_runner.py","lineno":1727}
{"timestamp":"2026-06-27T13:10:46.338075Z","level":"error","event":"2026-06-27 13:10:46,336 | INFO | src.logger | ============================================================","logger":"task.stderr"}
{"timestamp":"2026-06-27T13:10:46.339039Z","level":"error","event":"2026-06-27 13:10:46,338 | INFO | src.logger | PIPELINE STARTED","logger":"task.stderr"}
{"timestamp":"2026-06-27T13:10:46.337976Z","level":"info","event":"============================================================","logger":"src.logger","dag_id":"ML_dag","run_id":"manual__2026-06-27T13:10:44.540231+00:00","try_number":1,"ti_id":"019f0934-3647-775c-b4af-f4d129fce0d5","task_id":"run_pipeline","map_index":-1,"filename":"main.py","lineno":30}
{"timestamp":"2026-06-27T13:10:46.338978Z","level":"info","event":"PIPELINE STARTED","logger":"src.logger","dag_id":"ML_dag","run_id":"manual__2026-06-27T13:10:44.540231+00:00","try_number":1,"ti_id":"019f0934-3647-775c-b4af-f4d129fce0d5","task_id":"run_pipeline","map_index":-1,"filename":"main.py","lineno":31}
{"timestamp":"2026-06-27T13:10:46.342085Z","level":"error","event":"2026-06-27 13:10:46,339 | INFO | src.logger | ============================================================","logger":"task.stderr"}
{"timestamp":"2026-06-27T13:10:46.339907Z","level":"info","event":"============================================================","logger":"src.logger","dag_id":"ML_dag","run_id":"manual__2026-06-27T13:10:44.540231+00:00","try_number":1,"ti_id":"019f0934-3647-775c-b4af-f4d129fce0d5","task_id":"run_pipeline","map_index":-1,"filename":"main.py","lineno":32}
{"timestamp":"2026-06-27T13:10:46.349823Z","level":"error","event":"2026-06-27 13:10:46,342 | ERROR | src.logger | [Errno 2] No such file or directory: 'bank_data_transformed.csv'","logger":"task.stderr"}
{"timestamp":"2026-06-27T13:10:46.350703Z","level":"error","event":"Traceback (most recent call last):","logger":"task.stderr"}
{"timestamp":"2026-06-27T13:10:46.351464Z","level":"error","event":"  File \"/opt/airflow/dags/src/main.py\", line 38, in main","logger":"task.stderr"}
{"timestamp":"2026-06-27T13:10:46.352262Z","level":"error","event":"    df = pd.read_csv(\"bank_data_transformed.csv\")","logger":"task.stderr"}
{"timestamp":"2026-06-27T13:10:46.353021Z","level":"error","event":"  File \"/home/airflow/.local/lib/python3.13/site-packages/pandas/io/parsers/readers.py\", line 1026, in read_csv","logger":"task.stderr"}
{"timestamp":"2026-06-27T13:10:46.353797Z","level":"error","event":"    return _read(filepath_or_buffer, kwds)","logger":"task.stderr"}
{"timestamp":"2026-06-27T13:10:46.354535Z","level":"error","event":"  File \"/home/airflow/.local/lib/python3.13/site-packages/pandas/io/parsers/readers.py\", line 620, in _read","logger":"task.stderr"}
{"timestamp":"2026-06-27T13:10:46.355256Z","level":"error","event":"    parser = TextFileReader(filepath_or_buffer, **kwds)","logger":"task.stderr"}
{"timestamp":"2026-06-27T13:10:46.356054Z","level":"error","event":"  File \"/home/airflow/.local/lib/python3.13/site-packages/pandas/io/parsers/readers.py\", line 1620, in __init__","logger":"task.stderr"}
{"timestamp":"2026-06-27T13:10:46.356804Z","level":"error","event":"    self._engine = self._make_engine(f, self.engine)","logger":"task.stderr"}
{"timestamp":"2026-06-27T13:10:46.357611Z","level":"error","event":"                   ~~~~~~~~~~~~~~~~~^^^^^^^^^^^^^^^^","logger":"task.stderr"}
{"timestamp":"2026-06-27T13:10:46.358550Z","level":"error","event":"  File \"/home/airflow/.local/lib/python3.13/site-packages/pandas/io/parsers/readers.py\", line 1880, in _make_engine","logger":"task.stderr"}
{"timestamp":"2026-06-27T13:10:46.359449Z","level":"error","event":"    self.handles = get_handle(","logger":"task.stderr"}
{"timestamp":"2026-06-27T13:10:46.360249Z","level":"error","event":"                   ~~~~~~~~~~^","logger":"task.stderr"}
{"timestamp":"2026-06-27T13:10:46.361030Z","level":"error","event":"        f,","logger":"task.stderr"}
{"timestamp":"2026-06-27T13:10:46.361750Z","level":"error","event":"        ^^","logger":"task.stderr"}
{"timestamp":"2026-06-27T13:10:46.362508Z","level":"error","event":"    ...<6 lines>...","logger":"task.stderr"}
{"timestamp":"2026-06-27T13:10:46.363271Z","level":"error","event":"        storage_options=self.options.get(\"storage_options\", None),","logger":"task.stderr"}
{"timestamp":"2026-06-27T13:10:46.364075Z","level":"error","event":"        ^^^^^^^^^^^^^^^^^^^^^^^^^^^^^^^^^^^^^^^^^^^^^^^^^^^^^^^^^^","logger":"task.stderr"}
{"timestamp":"2026-06-27T13:10:46.364804Z","level":"error","event":"    )","logger":"task.stderr"}
{"timestamp":"2026-06-27T13:10:46.365646Z","level":"error","event":"    ^","logger":"task.stderr"}
{"timestamp":"2026-06-27T13:10:46.366312Z","level":"error","event":"  File \"/home/airflow/.local/lib/python3.13/site-packages/pandas/io/common.py\", line 873, in get_handle","logger":"task.stderr"}
{"timestamp":"2026-06-27T13:10:46.366996Z","level":"error","event":"    handle = open(","logger":"task.stderr"}
{"timestamp":"2026-06-27T13:10:46.367691Z","level":"error","event":"        handle,","logger":"task.stderr"}
{"timestamp":"2026-06-27T13:10:46.368406Z","level":"error","event":"    ...<3 lines>...","logger":"task.stderr"}
{"timestamp":"2026-06-27T13:10:46.369159Z","level":"error","event":"        newline=\"\",","logger":"task.stderr"}
{"timestamp":"2026-06-27T13:10:46.369866Z","level":"error","event":"    )","logger":"task.stderr"}
{"timestamp":"2026-06-27T13:10:46.370568Z","level":"error","event":"FileNotFoundError: [Errno 2] No such file or directory: 'bank_data_transformed.csv'","logger":"task.stderr"}
{"timestamp":"2026-06-27T13:10:46.349779Z","level":"error","event":"[Errno 2] No such file or directory: 'bank_data_transformed.csv'","logger":"src.logger","dag_id":"ML_dag","run_id":"manual__2026-06-27T13:10:44.540231+00:00","try_number":1,"ti_id":"019f0934-3647-775c-b4af-f4d129fce0d5","task_id":"run_pipeline","map_index":-1,"filename":"main.py","lineno":123,"error_detail":[{"exc_type":"FileNotFoundError","exc_value":"[Errno 2] No such file or directory: 'bank_data_transformed.csv'","exc_notes":[],"syntax_error":null,"is_cause":false,"frames":[{"filename":"/opt/airflow/dags/src/main.py","lineno":38,"name":"main"},{"filename":"/home/airflow/.local/lib/python3.13/site-packages/pandas/io/parsers/readers.py","lineno":1026,"name":"read_csv"},{"filename":"/home/airflow/.local/lib/python3.13/site-packages/pandas/io/parsers/readers.py","lineno":620,"name":"_read"},{"filename":"/home/airflow/.local/lib/python3.13/site-packages/pandas/io/parsers/readers.py","lineno":1620,"name":"__init__"},{"filename":"/home/airflow/.local/lib/python3.13/site-packages/pandas/io/parsers/readers.py","lineno":1880,"name":"_make_engine"},{"filename":"/home/airflow/.local/lib/python3.13/site-packages/pandas/io/common.py","lineno":873,"name":"get_handle"}],"is_group":false,"exceptions":[]}]}
{"timestamp":"2026-06-27T13:10:46.350179Z","level":"error","event":"Task failed with exception","dag_id":"ML_dag","run_id":"manual__2026-06-27T13:10:44.540231+00:00","try_number":1,"ti_id":"019f0934-3647-775c-b4af-f4d129fce0d5","task_id":"run_pipeline","map_index":-1,"logger":"task","filename":"task_runner.py","lineno":1381,"error_detail":[{"exc_type":"FileNotFoundError","exc_value":"[Errno 2] No such file or directory: 'bank_data_transformed.csv'","exc_notes":[],"syntax_error":null,"is_cause":false,"frames":[{"filename":"/home/airflow/.local/lib/python3.13/site-packages/airflow/sdk/execution_time/task_runner.py","lineno":1287,"name":"run"},{"filename":"/home/airflow/.local/lib/python3.13/site-packages/airflow/sdk/execution_time/task_runner.py","lineno":1745,"name":"_execute_task"},{"filename":"/home/airflow/.local/lib/python3.13/site-packages/airflow/sdk/bases/operator.py","lineno":443,"name":"wrapper"},{"filename":"/home/airflow/.local/lib/python3.13/site-packages/airflow/sdk/bases/decorator.py","lineno":398,"name":"execute"},{"filename":"/home/airflow/.local/lib/python3.13/site-packages/airflow/sdk/bases/operator.py","lineno":443,"name":"wrapper"},{"filename":"/home/airflow/.local/lib/python3.13/site-packages/airflow/providers/standard/operators/python.py","lineno":231,"name":"execute"},{"filename":"/home/airflow/.local/lib/python3.13/site-packages/airflow/providers/standard/operators/python.py","lineno":254,"name":"execute_callable"},{"filename":"/home/airflow/.local/lib/python3.13/site-packages/airflow/sdk/execution_time/callback_runner.py","lineno":97,"name":"run"},{"filename":"/opt/airflow/dags/first_dag.py","lineno":16,"name":"run_pipeline"},{"filename":"/opt/airflow/dags/src/main.py","lineno":38,"name":"main"},{"filename":"/home/airflow/.local/lib/python3.13/site-packages/pandas/io/parsers/readers.py","lineno":1026,"name":"read_csv"},{"filename":"/home/airflow/.local/lib/python3.13/site-packages/pandas/io/parsers/readers.py","lineno":620,"name":"_read"},{"filename":"/home/airflow/.local/lib/python3.13/site-packages/pandas/io/parsers/readers.py","lineno":1620,"name":"__init__"},{"filename":"/home/airflow/.local/lib/python3.13/site-packages/pandas/io/parsers/readers.py","lineno":1880,"name":"_make_engine"},{"filename":"/home/airflow/.local/lib/python3.13/site-packages/pandas/io/common.py","lineno":873,"name":"get_handle"}],"is_group":false,"exceptions":[]}]}
{"timestamp":"2026-06-27T13:10:46.350417Z","level":"info","event":"::group::Post Execute","dag_id":"ML_dag","run_id":"manual__2026-06-27T13:10:44.540231+00:00","try_number":1,"ti_id":"019f0934-3647-775c-b4af-f4d129fce0d5","task_id":"run_pipeline","map_index":-1,"logger":"task","filename":"task_runner.py","lineno":1382}
{"timestamp":"2026-06-27T13:10:46.374226Z","level":"info","event":"::endgroup::","dag_id":"ML_dag","run_id":"manual__2026-06-27T13:10:44.540231+00:00","try_number":1,"ti_id":"019f0934-3647-775c-b4af-f4d129fce0d5","task_id":"run_pipeline","map_index":-1,"logger":"task","filename":"task_runner.py","lineno":1896}
