{"timestamp":"2026-06-27T13:09:33.235125Z","level":"info","event":"::group::Pre Execute","logger":"task","filename":"task_runner.py","lineno":1926}
{"timestamp":"2026-06-27T13:09:33.257189Z","level":"info","event":"DAG bundles loaded: dags-folder","map_index":-1,"run_id":"manual__2026-06-27T13:09:32.418945+00:00","dag_id":"ML_dag","try_number":1,"task_id":"run_pipeline","ti_id":"019f0933-1c8f-7f0a-9fb9-ac69131e866a","logger":"airflow.dag_processing.bundles.manager.DagBundlesManager","filename":"manager.py","lineno":209}
{"timestamp":"2026-06-27T13:09:33.258937Z","level":"info","event":"Filling up the DagBag from /opt/airflow/dags/first_dag.py","map_index":-1,"run_id":"manual__2026-06-27T13:09:32.418945+00:00","dag_id":"ML_dag","try_number":1,"task_id":"run_pipeline","ti_id":"019f0933-1c8f-7f0a-9fb9-ac69131e866a","logger":"airflow.dag_processing.dagbag.BundleDagBag","filename":"dagbag.py","lineno":469}
{"timestamp":"2026-06-27T13:09:34.661297Z","level":"info","event":"::endgroup::","map_index":-1,"run_id":"manual__2026-06-27T13:09:32.418945+00:00","dag_id":"ML_dag","try_number":1,"task_id":"run_pipeline","ti_id":"019f0933-1c8f-7f0a-9fb9-ac69131e866a","logger":"task","filename":"task_runner.py","lineno":1727}
{"timestamp":"2026-06-27T13:09:34.664503Z","level":"error","event":"2026-06-27 13:09:34,663 | INFO | src.logger | ============================================================","logger":"task.stderr"}
{"timestamp":"2026-06-27T13:09:34.665752Z","level":"error","event":"2026-06-27 13:09:34,664 | INFO | src.logger | PIPELINE STARTED","logger":"task.stderr"}
{"timestamp":"2026-06-27T13:09:34.664401Z","level":"info","event":"============================================================","logger":"src.logger","map_index":-1,"run_id":"manual__2026-06-27T13:09:32.418945+00:00","dag_id":"ML_dag","try_number":1,"task_id":"run_pipeline","ti_id":"019f0933-1c8f-7f0a-9fb9-ac69131e866a","filename":"main.py","lineno":30}
{"timestamp":"2026-06-27T13:09:34.665733Z","level":"info","event":"PIPELINE STARTED","logger":"src.logger","map_index":-1,"run_id":"manual__2026-06-27T13:09:32.418945+00:00","dag_id":"ML_dag","try_number":1,"task_id":"run_pipeline","ti_id":"019f0933-1c8f-7f0a-9fb9-ac69131e866a","filename":"main.py","lineno":31}
{"timestamp":"2026-06-27T13:09:34.669118Z","level":"error","event":"2026-06-27 13:09:34,665 | INFO | src.logger | ============================================================","logger":"task.stderr"}
{"timestamp":"2026-06-27T13:09:34.666838Z","level":"info","event":"============================================================","logger":"src.logger","map_index":-1,"run_id":"manual__2026-06-27T13:09:32.418945+00:00","dag_id":"ML_dag","try_number":1,"task_id":"run_pipeline","ti_id":"019f0933-1c8f-7f0a-9fb9-ac69131e866a","filename":"main.py","lineno":32}
{"timestamp":"2026-06-27T13:09:34.678950Z","level":"error","event":"2026-06-27 13:09:34,669 | ERROR | src.logger | [Errno 2] No such file or directory: 'bank_data_transformed.csv'","logger":"task.stderr"}
{"timestamp":"2026-06-27T13:09:34.680032Z","level":"error","event":"Traceback (most recent call last):","logger":"task.stderr"}
{"timestamp":"2026-06-27T13:09:34.681116Z","level":"error","event":"  File \"/opt/airflow/dags/src/main.py\", line 38, in main","logger":"task.stderr"}
{"timestamp":"2026-06-27T13:09:34.682181Z","level":"error","event":"    df = pd.read_csv(\"bank_data_transformed.csv\")","logger":"task.stderr"}
{"timestamp":"2026-06-27T13:09:34.683266Z","level":"error","event":"  File \"/home/airflow/.local/lib/python3.13/site-packages/pandas/io/parsers/readers.py\", line 1026, in read_csv","logger":"task.stderr"}
{"timestamp":"2026-06-27T13:09:34.684284Z","level":"error","event":"    return _read(filepath_or_buffer, kwds)","logger":"task.stderr"}
{"timestamp":"2026-06-27T13:09:34.685289Z","level":"error","event":"  File \"/home/airflow/.local/lib/python3.13/site-packages/pandas/io/parsers/readers.py\", line 620, in _read","logger":"task.stderr"}
{"timestamp":"2026-06-27T13:09:34.686391Z","level":"error","event":"    parser = TextFileReader(filepath_or_buffer, **kwds)","logger":"task.stderr"}
{"timestamp":"2026-06-27T13:09:34.687557Z","level":"error","event":"  File \"/home/airflow/.local/lib/python3.13/site-packages/pandas/io/parsers/readers.py\", line 1620, in __init__","logger":"task.stderr"}
{"timestamp":"2026-06-27T13:09:34.688591Z","level":"error","event":"    self._engine = self._make_engine(f, self.engine)","logger":"task.stderr"}
{"timestamp":"2026-06-27T13:09:34.689588Z","level":"error","event":"                   ~~~~~~~~~~~~~~~~~^^^^^^^^^^^^^^^^","logger":"task.stderr"}
{"timestamp":"2026-06-27T13:09:34.690708Z","level":"error","event":"  File \"/home/airflow/.local/lib/python3.13/site-packages/pandas/io/parsers/readers.py\", line 1880, in _make_engine","logger":"task.stderr"}
{"timestamp":"2026-06-27T13:09:34.691609Z","level":"error","event":"    self.handles = get_handle(","logger":"task.stderr"}
{"timestamp":"2026-06-27T13:09:34.692538Z","level":"error","event":"                   ~~~~~~~~~~^","logger":"task.stderr"}
{"timestamp":"2026-06-27T13:09:34.693423Z","level":"error","event":"        f,","logger":"task.stderr"}
{"timestamp":"2026-06-27T13:09:34.694274Z","level":"error","event":"        ^^","logger":"task.stderr"}
{"timestamp":"2026-06-27T13:09:34.695292Z","level":"error","event":"    ...<6 lines>...","logger":"task.stderr"}
{"timestamp":"2026-06-27T13:09:34.696308Z","level":"error","event":"        storage_options=self.options.get(\"storage_options\", None),","logger":"task.stderr"}
{"timestamp":"2026-06-27T13:09:34.697234Z","level":"error","event":"        ^^^^^^^^^^^^^^^^^^^^^^^^^^^^^^^^^^^^^^^^^^^^^^^^^^^^^^^^^^","logger":"task.stderr"}
{"timestamp":"2026-06-27T13:09:34.698196Z","level":"error","event":"    )","logger":"task.stderr"}
{"timestamp":"2026-06-27T13:09:34.699209Z","level":"error","event":"    ^","logger":"task.stderr"}
{"timestamp":"2026-06-27T13:09:34.700156Z","level":"error","event":"  File \"/home/airflow/.local/lib/python3.13/site-packages/pandas/io/common.py\", line 873, in get_handle","logger":"task.stderr"}
{"timestamp":"2026-06-27T13:09:34.701075Z","level":"error","event":"    handle = open(","logger":"task.stderr"}
{"timestamp":"2026-06-27T13:09:34.702315Z","level":"error","event":"        handle,","logger":"task.stderr"}
{"timestamp":"2026-06-27T13:09:34.703422Z","level":"error","event":"    ...<3 lines>...","logger":"task.stderr"}
{"timestamp":"2026-06-27T13:09:34.704473Z","level":"error","event":"        newline=\"\",","logger":"task.stderr"}
{"timestamp":"2026-06-27T13:09:34.705382Z","level":"error","event":"    )","logger":"task.stderr"}
{"timestamp":"2026-06-27T13:09:34.706335Z","level":"error","event":"FileNotFoundError: [Errno 2] No such file or directory: 'bank_data_transformed.csv'","logger":"task.stderr"}
{"timestamp":"2026-06-27T13:09:34.678909Z","level":"error","event":"[Errno 2] No such file or directory: 'bank_data_transformed.csv'","logger":"src.logger","map_index":-1,"run_id":"manual__2026-06-27T13:09:32.418945+00:00","dag_id":"ML_dag","try_number":1,"task_id":"run_pipeline","ti_id":"019f0933-1c8f-7f0a-9fb9-ac69131e866a","filename":"main.py","lineno":123,"error_detail":[{"exc_type":"FileNotFoundError","exc_value":"[Errno 2] No such file or directory: 'bank_data_transformed.csv'","exc_notes":[],"syntax_error":null,"is_cause":false,"frames":[{"filename":"/opt/airflow/dags/src/main.py","lineno":38,"name":"main"},{"filename":"/home/airflow/.local/lib/python3.13/site-packages/pandas/io/parsers/readers.py","lineno":1026,"name":"read_csv"},{"filename":"/home/airflow/.local/lib/python3.13/site-packages/pandas/io/parsers/readers.py","lineno":620,"name":"_read"},{"filename":"/home/airflow/.local/lib/python3.13/site-packages/pandas/io/parsers/readers.py","lineno":1620,"name":"__init__"},{"filename":"/home/airflow/.local/lib/python3.13/site-packages/pandas/io/parsers/readers.py","lineno":1880,"name":"_make_engine"},{"filename":"/home/airflow/.local/lib/python3.13/site-packages/pandas/io/common.py","lineno":873,"name":"get_handle"}],"is_group":false,"exceptions":[]}]}
{"timestamp":"2026-06-27T13:09:34.679382Z","level":"error","event":"Task failed with exception","map_index":-1,"run_id":"manual__2026-06-27T13:09:32.418945+00:00","dag_id":"ML_dag","try_number":1,"task_id":"run_pipeline","ti_id":"019f0933-1c8f-7f0a-9fb9-ac69131e866a","logger":"task","filename":"task_runner.py","lineno":1381,"error_detail":[{"exc_type":"FileNotFoundError","exc_value":"[Errno 2] No such file or directory: 'bank_data_transformed.csv'","exc_notes":[],"syntax_error":null,"is_cause":false,"frames":[{"filename":"/home/airflow/.local/lib/python3.13/site-packages/airflow/sdk/execution_time/task_runner.py","lineno":1287,"name":"run"},{"filename":"/home/airflow/.local/lib/python3.13/site-packages/airflow/sdk/execution_time/task_runner.py","lineno":1745,"name":"_execute_task"},{"filename":"/home/airflow/.local/lib/python3.13/site-packages/airflow/sdk/bases/operator.py","lineno":443,"name":"wrapper"},{"filename":"/home/airflow/.local/lib/python3.13/site-packages/airflow/sdk/bases/decorator.py","lineno":398,"name":"execute"},{"filename":"/home/airflow/.local/lib/python3.13/site-packages/airflow/sdk/bases/operator.py","lineno":443,"name":"wrapper"},{"filename":"/home/airflow/.local/lib/python3.13/site-packages/airflow/providers/standard/operators/python.py","lineno":231,"name":"execute"},{"filename":"/home/airflow/.local/lib/python3.13/site-packages/airflow/providers/standard/operators/python.py","lineno":254,"name":"execute_callable"},{"filename":"/home/airflow/.local/lib/python3.13/site-packages/airflow/sdk/execution_time/callback_runner.py","lineno":97,"name":"run"},{"filename":"/opt/airflow/dags/first_dag.py","lineno":16,"name":"run_pipeline"},{"filename":"/opt/airflow/dags/src/main.py","lineno":38,"name":"main"},{"filename":"/home/airflow/.local/lib/python3.13/site-packages/pandas/io/parsers/readers.py","lineno":1026,"name":"read_csv"},{"filename":"/home/airflow/.local/lib/python3.13/site-packages/pandas/io/parsers/readers.py","lineno":620,"name":"_read"},{"filename":"/home/airflow/.local/lib/python3.13/site-packages/pandas/io/parsers/readers.py","lineno":1620,"name":"__init__"},{"filename":"/home/airflow/.local/lib/python3.13/site-packages/pandas/io/parsers/readers.py","lineno":1880,"name":"_make_engine"},{"filename":"/home/airflow/.local/lib/python3.13/site-packages/pandas/io/common.py","lineno":873,"name":"get_handle"}],"is_group":false,"exceptions":[]}]}
{"timestamp":"2026-06-27T13:09:34.679742Z","level":"info","event":"::group::Post Execute","map_index":-1,"run_id":"manual__2026-06-27T13:09:32.418945+00:00","dag_id":"ML_dag","try_number":1,"task_id":"run_pipeline","ti_id":"019f0933-1c8f-7f0a-9fb9-ac69131e866a","logger":"task","filename":"task_runner.py","lineno":1382}
{"timestamp":"2026-06-27T13:09:34.711005Z","level":"info","event":"::endgroup::","map_index":-1,"run_id":"manual__2026-06-27T13:09:32.418945+00:00","dag_id":"ML_dag","try_number":1,"task_id":"run_pipeline","ti_id":"019f0933-1c8f-7f0a-9fb9-ac69131e866a","logger":"task","filename":"task_runner.py","lineno":1896}
