{"timestamp":"2026-06-27T13:04:43.451190Z","level":"info","event":"::group::Pre Execute","logger":"task","filename":"task_runner.py","lineno":1926}
{"timestamp":"2026-06-27T13:04:46.218740Z","level":"info","event":"DAG bundles loaded: dags-folder","map_index":-1,"dag_id":"ML_dag","try_number":1,"run_id":"scheduled__2026-06-27T00:00:00+00:00","ti_id":"019f092e-b053-703f-8a0f-654f5ca83f5c","task_id":"run_pipeline","logger":"airflow.dag_processing.bundles.manager.DagBundlesManager","filename":"manager.py","lineno":209}
{"timestamp":"2026-06-27T13:04:46.220754Z","level":"info","event":"Filling up the DagBag from /opt/airflow/dags/first_dag.py","map_index":-1,"dag_id":"ML_dag","try_number":1,"run_id":"scheduled__2026-06-27T00:00:00+00:00","ti_id":"019f092e-b053-703f-8a0f-654f5ca83f5c","task_id":"run_pipeline","logger":"airflow.dag_processing.dagbag.BundleDagBag","filename":"dagbag.py","lineno":469}
{"timestamp":"2026-06-27T13:04:50.615905Z","level":"info","event":"::endgroup::","map_index":-1,"dag_id":"ML_dag","try_number":1,"run_id":"scheduled__2026-06-27T00:00:00+00:00","ti_id":"019f092e-b053-703f-8a0f-654f5ca83f5c","task_id":"run_pipeline","logger":"task","filename":"task_runner.py","lineno":1727}
{"timestamp":"2026-06-27T13:04:50.618501Z","level":"error","event":"2026-06-27 13:04:50,617 | INFO | src.logger | ============================================================","logger":"task.stderr"}
{"timestamp":"2026-06-27T13:04:50.619399Z","level":"error","event":"2026-06-27 13:04:50,618 | INFO | src.logger | PIPELINE STARTED","logger":"task.stderr"}
{"timestamp":"2026-06-27T13:04:50.618400Z","level":"info","event":"============================================================","logger":"src.logger","map_index":-1,"dag_id":"ML_dag","try_number":1,"run_id":"scheduled__2026-06-27T00:00:00+00:00","ti_id":"019f092e-b053-703f-8a0f-654f5ca83f5c","task_id":"run_pipeline","filename":"main.py","lineno":30}
{"timestamp":"2026-06-27T13:04:50.619223Z","level":"info","event":"PIPELINE STARTED","logger":"src.logger","map_index":-1,"dag_id":"ML_dag","try_number":1,"run_id":"scheduled__2026-06-27T00:00:00+00:00","ti_id":"019f092e-b053-703f-8a0f-654f5ca83f5c","task_id":"run_pipeline","filename":"main.py","lineno":31}
{"timestamp":"2026-06-27T13:04:50.622058Z","level":"error","event":"2026-06-27 13:04:50,619 | INFO | src.logger | ============================================================","logger":"task.stderr"}
{"timestamp":"2026-06-27T13:04:50.620218Z","level":"info","event":"============================================================","logger":"src.logger","map_index":-1,"dag_id":"ML_dag","try_number":1,"run_id":"scheduled__2026-06-27T00:00:00+00:00","ti_id":"019f092e-b053-703f-8a0f-654f5ca83f5c","task_id":"run_pipeline","filename":"main.py","lineno":32}
{"timestamp":"2026-06-27T13:04:50.630517Z","level":"error","event":"2026-06-27 13:04:50,622 | ERROR | src.logger | [Errno 2] No such file or directory: 'bank_data_transformed.csv'","logger":"task.stderr"}
{"timestamp":"2026-06-27T13:04:50.631380Z","level":"error","event":"Traceback (most recent call last):","logger":"task.stderr"}
{"timestamp":"2026-06-27T13:04:50.632189Z","level":"error","event":"  File \"/opt/airflow/dags/src/main.py\", line 38, in main","logger":"task.stderr"}
{"timestamp":"2026-06-27T13:04:50.632965Z","level":"error","event":"    df = pd.read_csv(\"bank_data_transformed.csv\")","logger":"task.stderr"}
{"timestamp":"2026-06-27T13:04:50.633790Z","level":"error","event":"  File \"/home/airflow/.local/lib/python3.13/site-packages/pandas/io/parsers/readers.py\", line 1026, in read_csv","logger":"task.stderr"}
{"timestamp":"2026-06-27T13:04:50.634675Z","level":"error","event":"    return _read(filepath_or_buffer, kwds)","logger":"task.stderr"}
{"timestamp":"2026-06-27T13:04:50.635361Z","level":"error","event":"  File \"/home/airflow/.local/lib/python3.13/site-packages/pandas/io/parsers/readers.py\", line 620, in _read","logger":"task.stderr"}
{"timestamp":"2026-06-27T13:04:50.636113Z","level":"error","event":"    parser = TextFileReader(filepath_or_buffer, **kwds)","logger":"task.stderr"}
{"timestamp":"2026-06-27T13:04:50.636852Z","level":"error","event":"  File \"/home/airflow/.local/lib/python3.13/site-packages/pandas/io/parsers/readers.py\", line 1620, in __init__","logger":"task.stderr"}
{"timestamp":"2026-06-27T13:04:50.637539Z","level":"error","event":"    self._engine = self._make_engine(f, self.engine)","logger":"task.stderr"}
{"timestamp":"2026-06-27T13:04:50.638448Z","level":"error","event":"                   ~~~~~~~~~~~~~~~~~^^^^^^^^^^^^^^^^","logger":"task.stderr"}
{"timestamp":"2026-06-27T13:04:50.639435Z","level":"error","event":"  File \"/home/airflow/.local/lib/python3.13/site-packages/pandas/io/parsers/readers.py\", line 1880, in _make_engine","logger":"task.stderr"}
{"timestamp":"2026-06-27T13:04:50.640284Z","level":"error","event":"    self.handles = get_handle(","logger":"task.stderr"}
{"timestamp":"2026-06-27T13:04:50.640980Z","level":"error","event":"                   ~~~~~~~~~~^","logger":"task.stderr"}
{"timestamp":"2026-06-27T13:04:50.641689Z","level":"error","event":"        f,","logger":"task.stderr"}
{"timestamp":"2026-06-27T13:04:50.642207Z","level":"error","event":"        ^^","logger":"task.stderr"}
{"timestamp":"2026-06-27T13:04:50.642846Z","level":"error","event":"    ...<6 lines>...","logger":"task.stderr"}
{"timestamp":"2026-06-27T13:04:50.643443Z","level":"error","event":"        storage_options=self.options.get(\"storage_options\", None),","logger":"task.stderr"}
{"timestamp":"2026-06-27T13:04:50.643969Z","level":"error","event":"        ^^^^^^^^^^^^^^^^^^^^^^^^^^^^^^^^^^^^^^^^^^^^^^^^^^^^^^^^^^","logger":"task.stderr"}
{"timestamp":"2026-06-27T13:04:50.644629Z","level":"error","event":"    )","logger":"task.stderr"}
{"timestamp":"2026-06-27T13:04:50.645561Z","level":"error","event":"    ^","logger":"task.stderr"}
{"timestamp":"2026-06-27T13:04:50.646206Z","level":"error","event":"  File \"/home/airflow/.local/lib/python3.13/site-packages/pandas/io/common.py\", line 873, in get_handle","logger":"task.stderr"}
{"timestamp":"2026-06-27T13:04:50.646712Z","level":"error","event":"    handle = open(","logger":"task.stderr"}
{"timestamp":"2026-06-27T13:04:50.647373Z","level":"error","event":"        handle,","logger":"task.stderr"}
{"timestamp":"2026-06-27T13:04:50.647920Z","level":"error","event":"    ...<3 lines>...","logger":"task.stderr"}
{"timestamp":"2026-06-27T13:04:50.648518Z","level":"error","event":"        newline=\"\",","logger":"task.stderr"}
{"timestamp":"2026-06-27T13:04:50.649062Z","level":"error","event":"    )","logger":"task.stderr"}
{"timestamp":"2026-06-27T13:04:50.649594Z","level":"error","event":"FileNotFoundError: [Errno 2] No such file or directory: 'bank_data_transformed.csv'","logger":"task.stderr"}
{"timestamp":"2026-06-27T13:04:50.630502Z","level":"error","event":"[Errno 2] No such file or directory: 'bank_data_transformed.csv'","logger":"src.logger","map_index":-1,"dag_id":"ML_dag","try_number":1,"run_id":"scheduled__2026-06-27T00:00:00+00:00","ti_id":"019f092e-b053-703f-8a0f-654f5ca83f5c","task_id":"run_pipeline","filename":"main.py","lineno":123,"error_detail":[{"exc_type":"FileNotFoundError","exc_value":"[Errno 2] No such file or directory: 'bank_data_transformed.csv'","exc_notes":[],"syntax_error":null,"is_cause":false,"frames":[{"filename":"/opt/airflow/dags/src/main.py","lineno":38,"name":"main"},{"filename":"/home/airflow/.local/lib/python3.13/site-packages/pandas/io/parsers/readers.py","lineno":1026,"name":"read_csv"},{"filename":"/home/airflow/.local/lib/python3.13/site-packages/pandas/io/parsers/readers.py","lineno":620,"name":"_read"},{"filename":"/home/airflow/.local/lib/python3.13/site-packages/pandas/io/parsers/readers.py","lineno":1620,"name":"__init__"},{"filename":"/home/airflow/.local/lib/python3.13/site-packages/pandas/io/parsers/readers.py","lineno":1880,"name":"_make_engine"},{"filename":"/home/airflow/.local/lib/python3.13/site-packages/pandas/io/common.py","lineno":873,"name":"get_handle"}],"is_group":false,"exceptions":[]}]}
{"timestamp":"2026-06-27T13:04:50.631000Z","level":"error","event":"Task failed with exception","map_index":-1,"dag_id":"ML_dag","try_number":1,"run_id":"scheduled__2026-06-27T00:00:00+00:00","ti_id":"019f092e-b053-703f-8a0f-654f5ca83f5c","task_id":"run_pipeline","logger":"task","filename":"task_runner.py","lineno":1381,"error_detail":[{"exc_type":"FileNotFoundError","exc_value":"[Errno 2] No such file or directory: 'bank_data_transformed.csv'","exc_notes":[],"syntax_error":null,"is_cause":false,"frames":[{"filename":"/home/airflow/.local/lib/python3.13/site-packages/airflow/sdk/execution_time/task_runner.py","lineno":1287,"name":"run"},{"filename":"/home/airflow/.local/lib/python3.13/site-packages/airflow/sdk/execution_time/task_runner.py","lineno":1745,"name":"_execute_task"},{"filename":"/home/airflow/.local/lib/python3.13/site-packages/airflow/sdk/bases/operator.py","lineno":443,"name":"wrapper"},{"filename":"/home/airflow/.local/lib/python3.13/site-packages/airflow/sdk/bases/decorator.py","lineno":398,"name":"execute"},{"filename":"/home/airflow/.local/lib/python3.13/site-packages/airflow/sdk/bases/operator.py","lineno":443,"name":"wrapper"},{"filename":"/home/airflow/.local/lib/python3.13/site-packages/airflow/providers/standard/operators/python.py","lineno":231,"name":"execute"},{"filename":"/home/airflow/.local/lib/python3.13/site-packages/airflow/providers/standard/operators/python.py","lineno":254,"name":"execute_callable"},{"filename":"/home/airflow/.local/lib/python3.13/site-packages/airflow/sdk/execution_time/callback_runner.py","lineno":97,"name":"run"},{"filename":"/opt/airflow/dags/first_dag.py","lineno":16,"name":"run_pipeline"},{"filename":"/opt/airflow/dags/src/main.py","lineno":38,"name":"main"},{"filename":"/home/airflow/.local/lib/python3.13/site-packages/pandas/io/parsers/readers.py","lineno":1026,"name":"read_csv"},{"filename":"/home/airflow/.local/lib/python3.13/site-packages/pandas/io/parsers/readers.py","lineno":620,"name":"_read"},{"filename":"/home/airflow/.local/lib/python3.13/site-packages/pandas/io/parsers/readers.py","lineno":1620,"name":"__init__"},{"filename":"/home/airflow/.local/lib/python3.13/site-packages/pandas/io/parsers/readers.py","lineno":1880,"name":"_make_engine"},{"filename":"/home/airflow/.local/lib/python3.13/site-packages/pandas/io/common.py","lineno":873,"name":"get_handle"}],"is_group":false,"exceptions":[]}]}
{"timestamp":"2026-06-27T13:04:50.631249Z","level":"info","event":"::group::Post Execute","map_index":-1,"dag_id":"ML_dag","try_number":1,"run_id":"scheduled__2026-06-27T00:00:00+00:00","ti_id":"019f092e-b053-703f-8a0f-654f5ca83f5c","task_id":"run_pipeline","logger":"task","filename":"task_runner.py","lineno":1382}
{"timestamp":"2026-06-27T13:04:50.652673Z","level":"info","event":"::endgroup::","map_index":-1,"dag_id":"ML_dag","try_number":1,"run_id":"scheduled__2026-06-27T00:00:00+00:00","ti_id":"019f092e-b053-703f-8a0f-654f5ca83f5c","task_id":"run_pipeline","logger":"task","filename":"task_runner.py","lineno":1896}
