{"timestamp":"2026-06-27T13:20:30.651753Z","level":"info","event":"::group::Pre Execute","logger":"task","filename":"task_runner.py","lineno":1926}
{"timestamp":"2026-06-27T13:20:30.739530Z","level":"info","event":"DAG bundles loaded: dags-folder","run_id":"manual__2026-06-27T13:20:30.316629+00:00","ti_id":"019f093d-267e-731b-b968-c8ca839702c6","task_id":"run_pipeline","map_index":-1,"dag_id":"ML_dag","try_number":1,"logger":"airflow.dag_processing.bundles.manager.DagBundlesManager","filename":"manager.py","lineno":209}
{"timestamp":"2026-06-27T13:20:30.741255Z","level":"info","event":"Filling up the DagBag from /opt/airflow/dags/first_dag.py","run_id":"manual__2026-06-27T13:20:30.316629+00:00","ti_id":"019f093d-267e-731b-b968-c8ca839702c6","task_id":"run_pipeline","map_index":-1,"dag_id":"ML_dag","try_number":1,"logger":"airflow.dag_processing.dagbag.BundleDagBag","filename":"dagbag.py","lineno":469}
{"timestamp":"2026-06-27T13:20:32.423018Z","level":"info","event":"::endgroup::","run_id":"manual__2026-06-27T13:20:30.316629+00:00","ti_id":"019f093d-267e-731b-b968-c8ca839702c6","task_id":"run_pipeline","map_index":-1,"dag_id":"ML_dag","try_number":1,"logger":"task","filename":"task_runner.py","lineno":1727}
{"timestamp":"2026-06-27T13:20:32.426247Z","level":"error","event":"2026-06-27 13:20:32,424 | INFO | src.logger | ============================================================","logger":"task.stderr"}
{"timestamp":"2026-06-27T13:20:32.427219Z","level":"error","event":"2026-06-27 13:20:32,426 | INFO | src.logger | PIPELINE STARTED","logger":"task.stderr"}
{"timestamp":"2026-06-27T13:20:32.426155Z","level":"info","event":"============================================================","logger":"src.logger","run_id":"manual__2026-06-27T13:20:30.316629+00:00","ti_id":"019f093d-267e-731b-b968-c8ca839702c6","task_id":"run_pipeline","map_index":-1,"dag_id":"ML_dag","try_number":1,"filename":"main.py","lineno":30}
{"timestamp":"2026-06-27T13:20:32.427204Z","level":"info","event":"PIPELINE STARTED","logger":"src.logger","run_id":"manual__2026-06-27T13:20:30.316629+00:00","ti_id":"019f093d-267e-731b-b968-c8ca839702c6","task_id":"run_pipeline","map_index":-1,"dag_id":"ML_dag","try_number":1,"filename":"main.py","lineno":31}
{"timestamp":"2026-06-27T13:20:32.429911Z","level":"error","event":"2026-06-27 13:20:32,427 | INFO | src.logger | ============================================================","logger":"task.stderr"}
{"timestamp":"2026-06-27T13:20:32.428163Z","level":"info","event":"============================================================","logger":"src.logger","run_id":"manual__2026-06-27T13:20:30.316629+00:00","ti_id":"019f093d-267e-731b-b968-c8ca839702c6","task_id":"run_pipeline","map_index":-1,"dag_id":"ML_dag","try_number":1,"filename":"main.py","lineno":32}
{"timestamp":"2026-06-27T13:20:32.646669Z","level":"error","event":"2026-06-27 13:20:32,645 | INFO | src.logger | ============================================================","logger":"task.stderr"}
{"timestamp":"2026-06-27T13:20:32.647824Z","level":"error","event":"2026-06-27 13:20:32,646 | INFO | src.logger | Starting Feature Engineering","logger":"task.stderr"}
{"timestamp":"2026-06-27T13:20:32.646603Z","level":"info","event":"============================================================","logger":"src.logger","run_id":"manual__2026-06-27T13:20:30.316629+00:00","ti_id":"019f093d-267e-731b-b968-c8ca839702c6","task_id":"run_pipeline","map_index":-1,"dag_id":"ML_dag","try_number":1,"filename":"feature_engineering.py","lineno":53}
{"timestamp":"2026-06-27T13:20:32.647588Z","level":"info","event":"Starting Feature Engineering","logger":"src.logger","run_id":"manual__2026-06-27T13:20:30.316629+00:00","ti_id":"019f093d-267e-731b-b968-c8ca839702c6","task_id":"run_pipeline","map_index":-1,"dag_id":"ML_dag","try_number":1,"filename":"feature_engineering.py","lineno":54}
{"timestamp":"2026-06-27T13:20:32.648514Z","level":"info","event":"============================================================","logger":"src.logger","run_id":"manual__2026-06-27T13:20:30.316629+00:00","ti_id":"019f093d-267e-731b-b968-c8ca839702c6","task_id":"run_pipeline","map_index":-1,"dag_id":"ML_dag","try_number":1,"filename":"feature_engineering.py","lineno":55}
{"timestamp":"2026-06-27T13:20:32.651141Z","level":"error","event":"2026-06-27 13:20:32,647 | INFO | src.logger | ============================================================","logger":"task.stderr"}
{"timestamp":"2026-06-27T13:20:32.671098Z","level":"error","event":"2026-06-27 13:20:32,670 | INFO | src.logger | Feature Engineering Finished | Shape=(45211, 26)","logger":"task.stderr"}
{"timestamp":"2026-06-27T13:20:32.671055Z","level":"info","event":"Feature Engineering Finished | Shape=(45211, 26)","logger":"src.logger","run_id":"manual__2026-06-27T13:20:30.316629+00:00","ti_id":"019f093d-267e-731b-b968-c8ca839702c6","task_id":"run_pipeline","map_index":-1,"dag_id":"ML_dag","try_number":1,"filename":"feature_engineering.py","lineno":156}
{"timestamp":"2026-06-27T13:20:32.673021Z","level":"info","event":"Transforming training data","logger":"src.logger","run_id":"manual__2026-06-27T13:20:30.316629+00:00","ti_id":"019f093d-267e-731b-b968-c8ca839702c6","task_id":"run_pipeline","map_index":-1,"dag_id":"ML_dag","try_number":1,"filename":"encoding.py","lineno":159}
{"timestamp":"2026-06-27T13:20:32.674004Z","level":"error","event":"2026-06-27 13:20:32,671 | INFO | src.logger | Transforming training data","logger":"task.stderr"}
{"timestamp":"2026-06-27T13:20:32.680054Z","level":"error","event":"2026-06-27 13:20:32,678 | INFO | src.logger | Fitting preprocessing pipeline","logger":"task.stderr"}
{"timestamp":"2026-06-27T13:20:32.681044Z","level":"error","event":"2026-06-27 13:20:32,680 | INFO | src.logger | Building preprocessing pipeline","logger":"task.stderr"}
{"timestamp":"2026-06-27T13:20:32.680000Z","level":"info","event":"Fitting preprocessing pipeline","logger":"src.logger","run_id":"manual__2026-06-27T13:20:30.316629+00:00","ti_id":"019f093d-267e-731b-b968-c8ca839702c6","task_id":"run_pipeline","map_index":-1,"dag_id":"ML_dag","try_number":1,"filename":"encoding.py","lineno":104}
{"timestamp":"2026-06-27T13:20:32.681004Z","level":"info","event":"Building preprocessing pipeline","logger":"src.logger","run_id":"manual__2026-06-27T13:20:30.316629+00:00","ti_id":"019f093d-267e-731b-b968-c8ca839702c6","task_id":"run_pipeline","map_index":-1,"dag_id":"ML_dag","try_number":1,"filename":"encoding.py","lineno":37}
{"timestamp":"2026-06-27T13:20:32.693604Z","level":"error","event":"2026-06-27 13:20:32,692 | INFO | src.logger | Categorical Columns : ['job', 'marital', 'education', 'default_flag', 'housing', 'loan', 'contact', 'month', 'poutcome']","logger":"task.stderr"}
{"timestamp":"2026-06-27T13:20:32.694724Z","level":"error","event":"2026-06-27 13:20:32,693 | INFO | src.logger | Numerical Columns : ['age', 'balance', 'day', 'duration', 'campaign', 'pdays', 'previous', 'balance_log', 'campaign_log', 'previous_log', 'duration_log', 'balance_high', 'duration_high', 'campaign_high', 'pdays_contacted', 'age_group']","logger":"task.stderr"}
{"timestamp":"2026-06-27T13:20:32.693542Z","level":"info","event":"Categorical Columns : ['job', 'marital', 'education', 'default_flag', 'housing', 'loan', 'contact', 'month', 'poutcome']","logger":"src.logger","run_id":"manual__2026-06-27T13:20:30.316629+00:00","ti_id":"019f093d-267e-731b-b968-c8ca839702c6","task_id":"run_pipeline","map_index":-1,"dag_id":"ML_dag","try_number":1,"filename":"encoding.py","lineno":49}
{"timestamp":"2026-06-27T13:20:32.694444Z","level":"info","event":"Numerical Columns : ['age', 'balance', 'day', 'duration', 'campaign', 'pdays', 'previous', 'balance_log', 'campaign_log', 'previous_log', 'duration_log', 'balance_high', 'duration_high', 'campaign_high', 'pdays_contacted', 'age_group']","logger":"src.logger","run_id":"manual__2026-06-27T13:20:30.316629+00:00","ti_id":"019f093d-267e-731b-b968-c8ca839702c6","task_id":"run_pipeline","map_index":-1,"dag_id":"ML_dag","try_number":1,"filename":"encoding.py","lineno":53}
{"timestamp":"2026-06-27T13:20:32.893832Z","level":"error","event":"2026-06-27 13:20:32,892 | INFO | src.logger | Preprocessor saved successfully","logger":"task.stderr"}
{"timestamp":"2026-06-27T13:20:32.893768Z","level":"info","event":"Preprocessor saved successfully","logger":"src.logger","run_id":"manual__2026-06-27T13:20:30.316629+00:00","ti_id":"019f093d-267e-731b-b968-c8ca839702c6","task_id":"run_pipeline","map_index":-1,"dag_id":"ML_dag","try_number":1,"filename":"encoding.py","lineno":122}
{"timestamp":"2026-06-27T13:20:33.018620Z","level":"error","event":"2026-06-27 13:20:33,017 | INFO | src.logger | Processed Shape : (45211, 60)","logger":"task.stderr"}
{"timestamp":"2026-06-27T13:20:33.018613Z","level":"info","event":"Processed Shape : (45211, 60)","logger":"src.logger","run_id":"manual__2026-06-27T13:20:30.316629+00:00","ti_id":"019f093d-267e-731b-b968-c8ca839702c6","task_id":"run_pipeline","map_index":-1,"dag_id":"ML_dag","try_number":1,"filename":"encoding.py","lineno":185}
{"timestamp":"2026-06-27T13:20:33.066302Z","level":"warning","event":"invalid value encountered in scalar divide","category":"RuntimeWarning","filename":"/opt/airflow/dags/src/model.py","lineno":14,"run_id":"manual__2026-06-27T13:20:30.316629+00:00","ti_id":"019f093d-267e-731b-b968-c8ca839702c6","task_id":"run_pipeline","map_index":-1,"dag_id":"ML_dag","try_number":1,"logger":"py.warnings"}
{"timestamp":"2026-06-27T13:20:33.067508Z","level":"error","event":"2026-06-27 13:20:33,066 | INFO | src.logger | scale_pos_weight = nan","logger":"task.stderr"}
{"timestamp":"2026-06-27T13:20:33.068731Z","level":"error","event":"2026-06-27 13:20:33,067 | INFO | src.logger | Building XGBoost model...","logger":"task.stderr"}
{"timestamp":"2026-06-27T13:20:33.067428Z","level":"info","event":"scale_pos_weight = nan","logger":"src.logger","run_id":"manual__2026-06-27T13:20:30.316629+00:00","ti_id":"019f093d-267e-731b-b968-c8ca839702c6","task_id":"run_pipeline","map_index":-1,"dag_id":"ML_dag","try_number":1,"filename":"model.py","lineno":16}
{"timestamp":"2026-06-27T13:20:33.068603Z","level":"info","event":"Building XGBoost model...","logger":"src.logger","run_id":"manual__2026-06-27T13:20:30.316629+00:00","ti_id":"019f093d-267e-731b-b968-c8ca839702c6","task_id":"run_pipeline","map_index":-1,"dag_id":"ML_dag","try_number":1,"filename":"model.py","lineno":27}
{"timestamp":"2026-06-27T13:20:33.071389Z","level":"error","event":"2026-06-27 13:20:33,068 | INFO | src.logger | Model created successfully.","logger":"task.stderr"}
{"timestamp":"2026-06-27T13:20:33.072132Z","level":"error","event":"2026-06-27 13:20:33,070 | INFO | src.logger | Training model...","logger":"task.stderr"}
{"timestamp":"2026-06-27T13:20:33.069909Z","level":"info","event":"Model created successfully.","logger":"src.logger","run_id":"manual__2026-06-27T13:20:30.316629+00:00","ti_id":"019f093d-267e-731b-b968-c8ca839702c6","task_id":"run_pipeline","map_index":-1,"dag_id":"ML_dag","try_number":1,"filename":"model.py","lineno":59}
{"timestamp":"2026-06-27T13:20:33.070804Z","level":"info","event":"Training model...","logger":"src.logger","run_id":"manual__2026-06-27T13:20:30.316629+00:00","ti_id":"019f093d-267e-731b-b968-c8ca839702c6","task_id":"run_pipeline","map_index":-1,"dag_id":"ML_dag","try_number":1,"filename":"train.py","lineno":13}
{"timestamp":"2026-06-27T13:20:33.109820Z","level":"error","event":"2026-06-27 13:20:33,097 | ERROR | src.logger | Invalid classes inferred from unique values of `y`.  Expected: [0 1], got ['no' 'yes']","logger":"task.stderr"}
{"timestamp":"2026-06-27T13:20:33.110687Z","level":"error","event":"Traceback (most recent call last):","logger":"task.stderr"}
{"timestamp":"2026-06-27T13:20:33.111375Z","level":"error","event":"  File \"/opt/airflow/dags/src/main.py\", line 81, in main","logger":"task.stderr"}
{"timestamp":"2026-06-27T13:20:33.112123Z","level":"error","event":"    model = train_model(","logger":"task.stderr"}
{"timestamp":"2026-06-27T13:20:33.112868Z","level":"error","event":"        model,","logger":"task.stderr"}
{"timestamp":"2026-06-27T13:20:33.113659Z","level":"error","event":"        x_train,","logger":"task.stderr"}
{"timestamp":"2026-06-27T13:20:33.114368Z","level":"error","event":"        y_train","logger":"task.stderr"}
{"timestamp":"2026-06-27T13:20:33.115019Z","level":"error","event":"    )","logger":"task.stderr"}
{"timestamp":"2026-06-27T13:20:33.115714Z","level":"error","event":"  File \"/opt/airflow/dags/src/train.py\", line 15, in train_model","logger":"task.stderr"}
{"timestamp":"2026-06-27T13:20:33.116380Z","level":"error","event":"    model.fit(","logger":"task.stderr"}
{"timestamp":"2026-06-27T13:20:33.117147Z","level":"error","event":"    ~~~~~~~~~^","logger":"task.stderr"}
{"timestamp":"2026-06-27T13:20:33.118040Z","level":"error","event":"        x_train,","logger":"task.stderr"}
{"timestamp":"2026-06-27T13:20:33.118715Z","level":"error","event":"        ^^^^^^^^","logger":"task.stderr"}
{"timestamp":"2026-06-27T13:20:33.119370Z","level":"error","event":"        y_train","logger":"task.stderr"}
{"timestamp":"2026-06-27T13:20:33.120066Z","level":"error","event":"        ^^^^^^^","logger":"task.stderr"}
{"timestamp":"2026-06-27T13:20:33.120736Z","level":"error","event":"    )","logger":"task.stderr"}
{"timestamp":"2026-06-27T13:20:33.121440Z","level":"error","event":"    ^","logger":"task.stderr"}
{"timestamp":"2026-06-27T13:20:33.121968Z","level":"error","event":"  File \"/home/airflow/.local/lib/python3.13/site-packages/xgboost/core.py\", line 553, in inner_f","logger":"task.stderr"}
{"timestamp":"2026-06-27T13:20:33.122559Z","level":"error","event":"    return func(**kwargs)","logger":"task.stderr"}
{"timestamp":"2026-06-27T13:20:33.123087Z","level":"error","event":"  File \"/home/airflow/.local/lib/python3.13/site-packages/xgboost/sklearn.py\", line 1762, in fit","logger":"task.stderr"}
{"timestamp":"2026-06-27T13:20:33.123674Z","level":"error","event":"    raise ValueError(","logger":"task.stderr"}
{"timestamp":"2026-06-27T13:20:33.124201Z","level":"error","event":"    ...<2 lines>...","logger":"task.stderr"}
{"timestamp":"2026-06-27T13:20:33.124795Z","level":"error","event":"    )","logger":"task.stderr"}
{"timestamp":"2026-06-27T13:20:33.125391Z","level":"error","event":"ValueError: Invalid classes inferred from unique values of `y`.  Expected: [0 1], got ['no' 'yes']","logger":"task.stderr"}
{"timestamp":"2026-06-27T13:20:33.109769Z","level":"error","event":"Invalid classes inferred from unique values of `y`.  Expected: [0 1], got ['no' 'yes']","logger":"src.logger","run_id":"manual__2026-06-27T13:20:30.316629+00:00","ti_id":"019f093d-267e-731b-b968-c8ca839702c6","task_id":"run_pipeline","map_index":-1,"dag_id":"ML_dag","try_number":1,"filename":"main.py","lineno":127,"error_detail":[{"exc_type":"ValueError","exc_value":"Invalid classes inferred from unique values of `y`.  Expected: [0 1], got ['no' 'yes']","exc_notes":[],"syntax_error":null,"is_cause":false,"frames":[{"filename":"/opt/airflow/dags/src/main.py","lineno":81,"name":"main"},{"filename":"/opt/airflow/dags/src/train.py","lineno":15,"name":"train_model"},{"filename":"/home/airflow/.local/lib/python3.13/site-packages/xgboost/core.py","lineno":553,"name":"inner_f"},{"filename":"/home/airflow/.local/lib/python3.13/site-packages/xgboost/sklearn.py","lineno":1762,"name":"fit"}],"is_group":false,"exceptions":[]}]}
{"timestamp":"2026-06-27T13:20:33.110215Z","level":"error","event":"Task failed with exception","run_id":"manual__2026-06-27T13:20:30.316629+00:00","ti_id":"019f093d-267e-731b-b968-c8ca839702c6","task_id":"run_pipeline","map_index":-1,"dag_id":"ML_dag","try_number":1,"logger":"task","filename":"task_runner.py","lineno":1381,"error_detail":[{"exc_type":"ValueError","exc_value":"Invalid classes inferred from unique values of `y`.  Expected: [0 1], got ['no' 'yes']","exc_notes":[],"syntax_error":null,"is_cause":false,"frames":[{"filename":"/home/airflow/.local/lib/python3.13/site-packages/airflow/sdk/execution_time/task_runner.py","lineno":1287,"name":"run"},{"filename":"/home/airflow/.local/lib/python3.13/site-packages/airflow/sdk/execution_time/task_runner.py","lineno":1745,"name":"_execute_task"},{"filename":"/home/airflow/.local/lib/python3.13/site-packages/airflow/sdk/bases/operator.py","lineno":443,"name":"wrapper"},{"filename":"/home/airflow/.local/lib/python3.13/site-packages/airflow/sdk/bases/decorator.py","lineno":398,"name":"execute"},{"filename":"/home/airflow/.local/lib/python3.13/site-packages/airflow/sdk/bases/operator.py","lineno":443,"name":"wrapper"},{"filename":"/home/airflow/.local/lib/python3.13/site-packages/airflow/providers/standard/operators/python.py","lineno":231,"name":"execute"},{"filename":"/home/airflow/.local/lib/python3.13/site-packages/airflow/providers/standard/operators/python.py","lineno":254,"name":"execute_callable"},{"filename":"/home/airflow/.local/lib/python3.13/site-packages/airflow/sdk/execution_time/callback_runner.py","lineno":97,"name":"run"},{"filename":"/opt/airflow/dags/first_dag.py","lineno":16,"name":"run_pipeline"},{"filename":"/opt/airflow/dags/src/main.py","lineno":81,"name":"main"},{"filename":"/opt/airflow/dags/src/train.py","lineno":15,"name":"train_model"},{"filename":"/home/airflow/.local/lib/python3.13/site-packages/xgboost/core.py","lineno":553,"name":"inner_f"},{"filename":"/home/airflow/.local/lib/python3.13/site-packages/xgboost/sklearn.py","lineno":1762,"name":"fit"}],"is_group":false,"exceptions":[]}]}
{"timestamp":"2026-06-27T13:20:33.110434Z","level":"info","event":"::group::Post Execute","run_id":"manual__2026-06-27T13:20:30.316629+00:00","ti_id":"019f093d-267e-731b-b968-c8ca839702c6","task_id":"run_pipeline","map_index":-1,"dag_id":"ML_dag","try_number":1,"logger":"task","filename":"task_runner.py","lineno":1382}
{"timestamp":"2026-06-27T13:20:33.128409Z","level":"info","event":"::endgroup::","run_id":"manual__2026-06-27T13:20:30.316629+00:00","ti_id":"019f093d-267e-731b-b968-c8ca839702c6","task_id":"run_pipeline","map_index":-1,"dag_id":"ML_dag","try_number":1,"logger":"task","filename":"task_runner.py","lineno":1896}
