{"timestamp":"2026-06-27T13:16:55.696002Z","level":"info","event":"::group::Pre Execute","logger":"task","filename":"task_runner.py","lineno":1926}
{"timestamp":"2026-06-27T13:16:55.718429Z","level":"info","event":"DAG bundles loaded: dags-folder","run_id":"manual__2026-06-27T13:16:55.431887+00:00","ti_id":"019f0939-df14-74ef-8036-2aee4c97dbc8","task_id":"run_pipeline","map_index":-1,"dag_id":"ML_dag","try_number":1,"logger":"airflow.dag_processing.bundles.manager.DagBundlesManager","filename":"manager.py","lineno":209}
{"timestamp":"2026-06-27T13:16:55.720492Z","level":"info","event":"Filling up the DagBag from /opt/airflow/dags/first_dag.py","run_id":"manual__2026-06-27T13:16:55.431887+00:00","ti_id":"019f0939-df14-74ef-8036-2aee4c97dbc8","task_id":"run_pipeline","map_index":-1,"dag_id":"ML_dag","try_number":1,"logger":"airflow.dag_processing.dagbag.BundleDagBag","filename":"dagbag.py","lineno":469}
{"timestamp":"2026-06-27T13:16:57.095823Z","level":"info","event":"::endgroup::","run_id":"manual__2026-06-27T13:16:55.431887+00:00","ti_id":"019f0939-df14-74ef-8036-2aee4c97dbc8","task_id":"run_pipeline","map_index":-1,"dag_id":"ML_dag","try_number":1,"logger":"task","filename":"task_runner.py","lineno":1727}
{"timestamp":"2026-06-27T13:16:57.099141Z","level":"error","event":"2026-06-27 13:16:57,097 | INFO | src.logger | ============================================================","logger":"task.stderr"}
{"timestamp":"2026-06-27T13:16:57.100295Z","level":"error","event":"2026-06-27 13:16:57,099 | INFO | src.logger | PIPELINE STARTED","logger":"task.stderr"}
{"timestamp":"2026-06-27T13:16:57.099038Z","level":"info","event":"============================================================","logger":"src.logger","run_id":"manual__2026-06-27T13:16:55.431887+00:00","ti_id":"019f0939-df14-74ef-8036-2aee4c97dbc8","task_id":"run_pipeline","map_index":-1,"dag_id":"ML_dag","try_number":1,"filename":"main.py","lineno":30}
{"timestamp":"2026-06-27T13:16:57.100258Z","level":"info","event":"PIPELINE STARTED","logger":"src.logger","run_id":"manual__2026-06-27T13:16:55.431887+00:00","ti_id":"019f0939-df14-74ef-8036-2aee4c97dbc8","task_id":"run_pipeline","map_index":-1,"dag_id":"ML_dag","try_number":1,"filename":"main.py","lineno":31}
{"timestamp":"2026-06-27T13:16:57.102813Z","level":"error","event":"2026-06-27 13:16:57,100 | INFO | src.logger | ============================================================","logger":"task.stderr"}
{"timestamp":"2026-06-27T13:16:57.101161Z","level":"info","event":"============================================================","logger":"src.logger","run_id":"manual__2026-06-27T13:16:55.431887+00:00","ti_id":"019f0939-df14-74ef-8036-2aee4c97dbc8","task_id":"run_pipeline","map_index":-1,"dag_id":"ML_dag","try_number":1,"filename":"main.py","lineno":32}
{"timestamp":"2026-06-27T13:16:57.324830Z","level":"error","event":"2026-06-27 13:16:57,323 | INFO | src.logger | ============================================================","logger":"task.stderr"}
{"timestamp":"2026-06-27T13:16:57.325873Z","level":"error","event":"2026-06-27 13:16:57,324 | INFO | src.logger | Starting Feature Engineering","logger":"task.stderr"}
{"timestamp":"2026-06-27T13:16:57.324776Z","level":"info","event":"============================================================","logger":"src.logger","run_id":"manual__2026-06-27T13:16:55.431887+00:00","ti_id":"019f0939-df14-74ef-8036-2aee4c97dbc8","task_id":"run_pipeline","map_index":-1,"dag_id":"ML_dag","try_number":1,"filename":"feature_engineering.py","lineno":53}
{"timestamp":"2026-06-27T13:16:57.325830Z","level":"info","event":"Starting Feature Engineering","logger":"src.logger","run_id":"manual__2026-06-27T13:16:55.431887+00:00","ti_id":"019f0939-df14-74ef-8036-2aee4c97dbc8","task_id":"run_pipeline","map_index":-1,"dag_id":"ML_dag","try_number":1,"filename":"feature_engineering.py","lineno":54}
{"timestamp":"2026-06-27T13:16:57.328939Z","level":"error","event":"2026-06-27 13:16:57,325 | INFO | src.logger | ============================================================","logger":"task.stderr"}
{"timestamp":"2026-06-27T13:16:57.326824Z","level":"info","event":"============================================================","logger":"src.logger","run_id":"manual__2026-06-27T13:16:55.431887+00:00","ti_id":"019f0939-df14-74ef-8036-2aee4c97dbc8","task_id":"run_pipeline","map_index":-1,"dag_id":"ML_dag","try_number":1,"filename":"feature_engineering.py","lineno":55}
{"timestamp":"2026-06-27T13:16:57.349367Z","level":"error","event":"2026-06-27 13:16:57,348 | INFO | src.logger | Feature Engineering Finished | Shape=(45211, 26)","logger":"task.stderr"}
{"timestamp":"2026-06-27T13:16:57.349313Z","level":"info","event":"Feature Engineering Finished | Shape=(45211, 26)","logger":"src.logger","run_id":"manual__2026-06-27T13:16:55.431887+00:00","ti_id":"019f0939-df14-74ef-8036-2aee4c97dbc8","task_id":"run_pipeline","map_index":-1,"dag_id":"ML_dag","try_number":1,"filename":"feature_engineering.py","lineno":156}
{"timestamp":"2026-06-27T13:16:57.351006Z","level":"info","event":"Transforming training data","logger":"src.logger","run_id":"manual__2026-06-27T13:16:55.431887+00:00","ti_id":"019f0939-df14-74ef-8036-2aee4c97dbc8","task_id":"run_pipeline","map_index":-1,"dag_id":"ML_dag","try_number":1,"filename":"encoding.py","lineno":151}
{"timestamp":"2026-06-27T13:16:57.352229Z","level":"error","event":"2026-06-27 13:16:57,350 | INFO | src.logger | Transforming training data","logger":"task.stderr"}
{"timestamp":"2026-06-27T13:16:57.352996Z","level":"error","event":"2026-06-27 13:16:57,351 | INFO | src.logger | Fitting preprocessing pipeline","logger":"task.stderr"}
{"timestamp":"2026-06-27T13:16:57.351875Z","level":"info","event":"Fitting preprocessing pipeline","logger":"src.logger","run_id":"manual__2026-06-27T13:16:55.431887+00:00","ti_id":"019f0939-df14-74ef-8036-2aee4c97dbc8","task_id":"run_pipeline","map_index":-1,"dag_id":"ML_dag","try_number":1,"filename":"encoding.py","lineno":90}
{"timestamp":"2026-06-27T13:16:57.352786Z","level":"info","event":"Building preprocessing pipeline","logger":"src.logger","run_id":"manual__2026-06-27T13:16:55.431887+00:00","ti_id":"019f0939-df14-74ef-8036-2aee4c97dbc8","task_id":"run_pipeline","map_index":-1,"dag_id":"ML_dag","try_number":1,"filename":"encoding.py","lineno":33}
{"timestamp":"2026-06-27T13:16:57.355502Z","level":"error","event":"2026-06-27 13:16:57,351 | INFO | src.logger | Building preprocessing pipeline","logger":"task.stderr"}
{"timestamp":"2026-06-27T13:16:57.358902Z","level":"error","event":"2026-06-27 13:16:57,357 | INFO | src.logger | Categorical Columns : ['job', 'marital', 'education', 'default_flag', 'housing', 'loan', 'contact', 'month', 'poutcome', 'deposit']","logger":"task.stderr"}
{"timestamp":"2026-06-27T13:16:57.358842Z","level":"info","event":"Categorical Columns : ['job', 'marital', 'education', 'default_flag', 'housing', 'loan', 'contact', 'month', 'poutcome', 'deposit']","logger":"src.logger","run_id":"manual__2026-06-27T13:16:55.431887+00:00","ti_id":"019f0939-df14-74ef-8036-2aee4c97dbc8","task_id":"run_pipeline","map_index":-1,"dag_id":"ML_dag","try_number":1,"filename":"encoding.py","lineno":46}
{"timestamp":"2026-06-27T13:16:57.359810Z","level":"info","event":"Numerical Columns : ['age', 'balance', 'day', 'duration', 'campaign', 'pdays', 'previous', 'balance_log', 'campaign_log', 'previous_log', 'duration_log', 'balance_high', 'duration_high', 'campaign_high', 'pdays_contacted', 'age_group']","logger":"src.logger","run_id":"manual__2026-06-27T13:16:55.431887+00:00","ti_id":"019f0939-df14-74ef-8036-2aee4c97dbc8","task_id":"run_pipeline","map_index":-1,"dag_id":"ML_dag","try_number":1,"filename":"encoding.py","lineno":50}
{"timestamp":"2026-06-27T13:16:57.361554Z","level":"error","event":"2026-06-27 13:16:57,358 | INFO | src.logger | Numerical Columns : ['age', 'balance', 'day', 'duration', 'campaign', 'pdays', 'previous', 'balance_log', 'campaign_log', 'previous_log', 'duration_log', 'balance_high', 'duration_high', 'campaign_high', 'pdays_contacted', 'age_group']","logger":"task.stderr"}
{"timestamp":"2026-06-27T13:16:57.388769Z","level":"error","event":"2026-06-27 13:16:57,366 | ERROR | src.logger | A given column is not a column of the dataframe","logger":"task.stderr"}
{"timestamp":"2026-06-27T13:16:57.389730Z","level":"error","event":"Traceback (most recent call last):","logger":"task.stderr"}
{"timestamp":"2026-06-27T13:16:57.390576Z","level":"error","event":"  File \"/home/airflow/.local/lib/python3.13/site-packages/pandas/core/indexes/base.py\", line 3812, in get_loc","logger":"task.stderr"}
{"timestamp":"2026-06-27T13:16:57.391454Z","level":"error","event":"    return self._engine.get_loc(casted_key)","logger":"task.stderr"}
{"timestamp":"2026-06-27T13:16:57.392304Z","level":"error","event":"           ~~~~~~~~~~~~~~~~~~~~^^^^^^^^^^^^","logger":"task.stderr"}
{"timestamp":"2026-06-27T13:16:57.393115Z","level":"error","event":"  File \"pandas/_libs/index.pyx\", line 167, in pandas._libs.index.IndexEngine.get_loc","logger":"task.stderr"}
{"timestamp":"2026-06-27T13:16:57.393918Z","level":"error","event":"  File \"pandas/_libs/index.pyx\", line 196, in pandas._libs.index.IndexEngine.get_loc","logger":"task.stderr"}
{"timestamp":"2026-06-27T13:16:57.394801Z","level":"error","event":"  File \"pandas/_libs/hashtable_class_helper.pxi\", line 7088, in pandas._libs.hashtable.PyObjectHashTable.get_item","logger":"task.stderr"}
{"timestamp":"2026-06-27T13:16:57.395777Z","level":"error","event":"  File \"pandas/_libs/hashtable_class_helper.pxi\", line 7096, in pandas._libs.hashtable.PyObjectHashTable.get_item","logger":"task.stderr"}
{"timestamp":"2026-06-27T13:16:57.396851Z","level":"error","event":"KeyError: 'deposit'","logger":"task.stderr"}
{"timestamp":"2026-06-27T13:16:57.397691Z","level":"error","event":"","logger":"task.stderr"}
{"timestamp":"2026-06-27T13:16:57.398555Z","level":"error","event":"The above exception was the direct cause of the following exception:","logger":"task.stderr"}
{"timestamp":"2026-06-27T13:16:57.399321Z","level":"error","event":"","logger":"task.stderr"}
{"timestamp":"2026-06-27T13:16:57.400177Z","level":"error","event":"Traceback (most recent call last):","logger":"task.stderr"}
{"timestamp":"2026-06-27T13:16:57.400983Z","level":"error","event":"  File \"/home/airflow/.local/lib/python3.13/site-packages/sklearn/utils/_indexing.py\", line 469, in _get_column_indices","logger":"task.stderr"}
{"timestamp":"2026-06-27T13:16:57.401820Z","level":"error","event":"    col_idx = all_columns.get_loc(col)","logger":"task.stderr"}
{"timestamp":"2026-06-27T13:16:57.402569Z","level":"error","event":"  File \"/home/airflow/.local/lib/python3.13/site-packages/pandas/core/indexes/base.py\", line 3819, in get_loc","logger":"task.stderr"}
{"timestamp":"2026-06-27T13:16:57.403328Z","level":"error","event":"    raise KeyError(key) from err","logger":"task.stderr"}
{"timestamp":"2026-06-27T13:16:57.404093Z","level":"error","event":"KeyError: 'deposit'","logger":"task.stderr"}
{"timestamp":"2026-06-27T13:16:57.404824Z","level":"error","event":"","logger":"task.stderr"}
{"timestamp":"2026-06-27T13:16:57.405516Z","level":"error","event":"The above exception was the direct cause of the following exception:","logger":"task.stderr"}
{"timestamp":"2026-06-27T13:16:57.406216Z","level":"error","event":"","logger":"task.stderr"}
{"timestamp":"2026-06-27T13:16:57.406937Z","level":"error","event":"Traceback (most recent call last):","logger":"task.stderr"}
{"timestamp":"2026-06-27T13:16:57.407691Z","level":"error","event":"  File \"/opt/airflow/dags/src/main.py\", line 54, in main","logger":"task.stderr"}
{"timestamp":"2026-06-27T13:16:57.408317Z","level":"error","event":"    X, y = transform_train_data(df)","logger":"task.stderr"}
{"timestamp":"2026-06-27T13:16:57.408979Z","level":"error","event":"           ~~~~~~~~~~~~~~~~~~~~^^^^","logger":"task.stderr"}
{"timestamp":"2026-06-27T13:16:57.409609Z","level":"error","event":"  File \"/opt/airflow/dags/src/encoding.py\", line 155, in transform_train_data","logger":"task.stderr"}
{"timestamp":"2026-06-27T13:16:57.410198Z","level":"error","event":"    preprocessor = fit_preprocessor(df)","logger":"task.stderr"}
{"timestamp":"2026-06-27T13:16:57.410844Z","level":"error","event":"  File \"/opt/airflow/dags/src/encoding.py\", line 100, in fit_preprocessor","logger":"task.stderr"}
{"timestamp":"2026-06-27T13:16:57.411413Z","level":"error","event":"    preprocessor.fit(X)","logger":"task.stderr"}
{"timestamp":"2026-06-27T13:16:57.412067Z","level":"error","event":"    ~~~~~~~~~~~~~~~~^^^","logger":"task.stderr"}
{"timestamp":"2026-06-27T13:16:57.412770Z","level":"error","event":"  File \"/home/airflow/.local/lib/python3.13/site-packages/sklearn/compose/_column_transformer.py\", line 938, in fit","logger":"task.stderr"}
{"timestamp":"2026-06-27T13:16:57.413434Z","level":"error","event":"    self.fit_transform(X, y=y, **params)","logger":"task.stderr"}
{"timestamp":"2026-06-27T13:16:57.414117Z","level":"error","event":"    ~~~~~~~~~~~~~~~~~~^^^^^^^^^^^^^^^^^^","logger":"task.stderr"}
{"timestamp":"2026-06-27T13:16:57.414853Z","level":"error","event":"  File \"/home/airflow/.local/lib/python3.13/site-packages/sklearn/utils/_set_output.py\", line 316, in wrapped","logger":"task.stderr"}
{"timestamp":"2026-06-27T13:16:57.415548Z","level":"error","event":"    data_to_wrap = f(self, X, *args, **kwargs)","logger":"task.stderr"}
{"timestamp":"2026-06-27T13:16:57.416202Z","level":"error","event":"  File \"/home/airflow/.local/lib/python3.13/site-packages/sklearn/base.py\", line 1336, in wrapper","logger":"task.stderr"}
{"timestamp":"2026-06-27T13:16:57.416847Z","level":"error","event":"    return fit_method(estimator, *args, **kwargs)","logger":"task.stderr"}
{"timestamp":"2026-06-27T13:16:57.417415Z","level":"error","event":"  File \"/home/airflow/.local/lib/python3.13/site-packages/sklearn/compose/_column_transformer.py\", line 991, in fit_transform","logger":"task.stderr"}
{"timestamp":"2026-06-27T13:16:57.418022Z","level":"error","event":"    self._validate_column_callables(X)","logger":"task.stderr"}
{"timestamp":"2026-06-27T13:16:57.418592Z","level":"error","event":"    ~~~~~~~~~~~~~~~~~~~~~~~~~~~~~~~^^^","logger":"task.stderr"}
{"timestamp":"2026-06-27T13:16:57.419151Z","level":"error","event":"  File \"/home/airflow/.local/lib/python3.13/site-packages/sklearn/compose/_column_transformer.py\", line 545, in _validate_column_callables","logger":"task.stderr"}
{"timestamp":"2026-06-27T13:16:57.420258Z","level":"error","event":"    transformer_to_input_indices[name] = _get_column_indices(X, columns)","logger":"task.stderr"}
{"timestamp":"2026-06-27T13:16:57.420826Z","level":"error","event":"                                         ~~~~~~~~~~~~~~~~~~~^^^^^^^^^^^^","logger":"task.stderr"}
{"timestamp":"2026-06-27T13:16:57.421382Z","level":"error","event":"  File \"/home/airflow/.local/lib/python3.13/site-packages/sklearn/utils/_indexing.py\", line 477, in _get_column_indices","logger":"task.stderr"}
{"timestamp":"2026-06-27T13:16:57.422015Z","level":"error","event":"    raise ValueError(\"A given column is not a column of the dataframe\") from e","logger":"task.stderr"}
{"timestamp":"2026-06-27T13:16:57.422617Z","level":"error","event":"ValueError: A given column is not a column of the dataframe","logger":"task.stderr"}
{"timestamp":"2026-06-27T13:16:57.388719Z","level":"error","event":"A given column is not a column of the dataframe","logger":"src.logger","run_id":"manual__2026-06-27T13:16:55.431887+00:00","ti_id":"019f0939-df14-74ef-8036-2aee4c97dbc8","task_id":"run_pipeline","map_index":-1,"dag_id":"ML_dag","try_number":1,"filename":"main.py","lineno":127,"error_detail":[{"exc_type":"ValueError","exc_value":"A given column is not a column of the dataframe","exc_notes":[],"syntax_error":null,"is_cause":false,"frames":[{"filename":"/opt/airflow/dags/src/main.py","lineno":54,"name":"main"},{"filename":"/opt/airflow/dags/src/encoding.py","lineno":155,"name":"transform_train_data"},{"filename":"/opt/airflow/dags/src/encoding.py","lineno":100,"name":"fit_preprocessor"},{"filename":"/home/airflow/.local/lib/python3.13/site-packages/sklearn/compose/_column_transformer.py","lineno":938,"name":"fit"},{"filename":"/home/airflow/.local/lib/python3.13/site-packages/sklearn/utils/_set_output.py","lineno":316,"name":"wrapped"},{"filename":"/home/airflow/.local/lib/python3.13/site-packages/sklearn/base.py","lineno":1336,"name":"wrapper"},{"filename":"/home/airflow/.local/lib/python3.13/site-packages/sklearn/compose/_column_transformer.py","lineno":991,"name":"fit_transform"},{"filename":"/home/airflow/.local/lib/python3.13/site-packages/sklearn/compose/_column_transformer.py","lineno":545,"name":"_validate_column_callables"},{"filename":"/home/airflow/.local/lib/python3.13/site-packages/sklearn/utils/_indexing.py","lineno":477,"name":"_get_column_indices"}],"is_group":false,"exceptions":[]},{"exc_type":"KeyError","exc_value":"'deposit'","exc_notes":[],"syntax_error":null,"is_cause":true,"frames":[{"filename":"/home/airflow/.local/lib/python3.13/site-packages/sklearn/utils/_indexing.py","lineno":469,"name":"_get_column_indices"},{"filename":"/home/airflow/.local/lib/python3.13/site-packages/pandas/core/indexes/base.py","lineno":3819,"name":"get_loc"}],"is_group":false,"exceptions":[]},{"exc_type":"KeyError","exc_value":"'deposit'","exc_notes":[],"syntax_error":null,"is_cause":true,"frames":[{"filename":"/home/airflow/.local/lib/python3.13/site-packages/pandas/core/indexes/base.py","lineno":3812,"name":"get_loc"},{"filename":"/opt/airflow/pandas/_libs/index.pyx","lineno":167,"name":"pandas._libs.index.IndexEngine.get_loc"},{"filename":"/opt/airflow/pandas/_libs/index.pyx","lineno":196,"name":"pandas._libs.index.IndexEngine.get_loc"},{"filename":"/opt/airflow/pandas/_libs/hashtable_class_helper.pxi","lineno":7088,"name":"pandas._libs.hashtable.PyObjectHashTable.get_item"},{"filename":"/opt/airflow/pandas/_libs/hashtable_class_helper.pxi","lineno":7096,"name":"pandas._libs.hashtable.PyObjectHashTable.get_item"}],"is_group":false,"exceptions":[]}]}
{"timestamp":"2026-06-27T13:16:57.389307Z","level":"error","event":"Task failed with exception","run_id":"manual__2026-06-27T13:16:55.431887+00:00","ti_id":"019f0939-df14-74ef-8036-2aee4c97dbc8","task_id":"run_pipeline","map_index":-1,"dag_id":"ML_dag","try_number":1,"logger":"task","filename":"task_runner.py","lineno":1381,"error_detail":[{"exc_type":"ValueError","exc_value":"A given column is not a column of the dataframe","exc_notes":[],"syntax_error":null,"is_cause":false,"frames":[{"filename":"/home/airflow/.local/lib/python3.13/site-packages/airflow/sdk/execution_time/task_runner.py","lineno":1287,"name":"run"},{"filename":"/home/airflow/.local/lib/python3.13/site-packages/airflow/sdk/execution_time/task_runner.py","lineno":1745,"name":"_execute_task"},{"filename":"/home/airflow/.local/lib/python3.13/site-packages/airflow/sdk/bases/operator.py","lineno":443,"name":"wrapper"},{"filename":"/home/airflow/.local/lib/python3.13/site-packages/airflow/sdk/bases/decorator.py","lineno":398,"name":"execute"},{"filename":"/home/airflow/.local/lib/python3.13/site-packages/airflow/sdk/bases/operator.py","lineno":443,"name":"wrapper"},{"filename":"/home/airflow/.local/lib/python3.13/site-packages/airflow/providers/standard/operators/python.py","lineno":231,"name":"execute"},{"filename":"/home/airflow/.local/lib/python3.13/site-packages/airflow/providers/standard/operators/python.py","lineno":254,"name":"execute_callable"},{"filename":"/home/airflow/.local/lib/python3.13/site-packages/airflow/sdk/execution_time/callback_runner.py","lineno":97,"name":"run"},{"filename":"/opt/airflow/dags/first_dag.py","lineno":16,"name":"run_pipeline"},{"filename":"/opt/airflow/dags/src/main.py","lineno":54,"name":"main"},{"filename":"/opt/airflow/dags/src/encoding.py","lineno":155,"name":"transform_train_data"},{"filename":"/opt/airflow/dags/src/encoding.py","lineno":100,"name":"fit_preprocessor"},{"filename":"/home/airflow/.local/lib/python3.13/site-packages/sklearn/compose/_column_transformer.py","lineno":938,"name":"fit"},{"filename":"/home/airflow/.local/lib/python3.13/site-packages/sklearn/utils/_set_output.py","lineno":316,"name":"wrapped"},{"filename":"/home/airflow/.local/lib/python3.13/site-packages/sklearn/base.py","lineno":1336,"name":"wrapper"},{"filename":"/home/airflow/.local/lib/python3.13/site-packages/sklearn/compose/_column_transformer.py","lineno":991,"name":"fit_transform"},{"filename":"/home/airflow/.local/lib/python3.13/site-packages/sklearn/compose/_column_transformer.py","lineno":545,"name":"_validate_column_callables"},{"filename":"/home/airflow/.local/lib/python3.13/site-packages/sklearn/utils/_indexing.py","lineno":477,"name":"_get_column_indices"}],"is_group":false,"exceptions":[]},{"exc_type":"KeyError","exc_value":"'deposit'","exc_notes":[],"syntax_error":null,"is_cause":true,"frames":[{"filename":"/home/airflow/.local/lib/python3.13/site-packages/sklearn/utils/_indexing.py","lineno":469,"name":"_get_column_indices"},{"filename":"/home/airflow/.local/lib/python3.13/site-packages/pandas/core/indexes/base.py","lineno":3819,"name":"get_loc"}],"is_group":false,"exceptions":[]},{"exc_type":"KeyError","exc_value":"'deposit'","exc_notes":[],"syntax_error":null,"is_cause":true,"frames":[{"filename":"/home/airflow/.local/lib/python3.13/site-packages/pandas/core/indexes/base.py","lineno":3812,"name":"get_loc"},{"filename":"/opt/airflow/pandas/_libs/index.pyx","lineno":167,"name":"pandas._libs.index.IndexEngine.get_loc"},{"filename":"/opt/airflow/pandas/_libs/index.pyx","lineno":196,"name":"pandas._libs.index.IndexEngine.get_loc"},{"filename":"/opt/airflow/pandas/_libs/hashtable_class_helper.pxi","lineno":7088,"name":"pandas._libs.hashtable.PyObjectHashTable.get_item"},{"filename":"/opt/airflow/pandas/_libs/hashtable_class_helper.pxi","lineno":7096,"name":"pandas._libs.hashtable.PyObjectHashTable.get_item"}],"is_group":false,"exceptions":[]}]}
{"timestamp":"2026-06-27T13:16:57.389599Z","level":"info","event":"::group::Post Execute","run_id":"manual__2026-06-27T13:16:55.431887+00:00","ti_id":"019f0939-df14-74ef-8036-2aee4c97dbc8","task_id":"run_pipeline","map_index":-1,"dag_id":"ML_dag","try_number":1,"logger":"task","filename":"task_runner.py","lineno":1382}
{"timestamp":"2026-06-27T13:16:57.425688Z","level":"info","event":"::endgroup::","run_id":"manual__2026-06-27T13:16:55.431887+00:00","ti_id":"019f0939-df14-74ef-8036-2aee4c97dbc8","task_id":"run_pipeline","map_index":-1,"dag_id":"ML_dag","try_number":1,"logger":"task","filename":"task_runner.py","lineno":1896}
